2024-06-05 19:42:22,999 INFO o.a.j.u.JMeterUtils: Setting Locale to en
2024-06-05 19:42:23,020 INFO o.a.j.JMeter: Loading user properties from: /mnt/c/Users/Ivan/Desktop/JMeter/apache-jmeter-5.6.3/apache-jmeter-5.6.3/bin/user.properties
2024-06-05 19:42:23,023 INFO o.a.j.JMeter: Loading system properties from: /mnt/c/Users/Ivan/Desktop/JMeter/apache-jmeter-5.6.3/apache-jmeter-5.6.3/bin/system.properties
2024-06-05 19:42:23,029 INFO o.a.j.JMeter: Copyright (c) 1998-2024 The Apache Software Foundation
2024-06-05 19:42:23,029 INFO o.a.j.JMeter: Version 5.6.3
2024-06-05 19:42:23,030 INFO o.a.j.JMeter: java.version=19.0.2
2024-06-05 19:42:23,030 INFO o.a.j.JMeter: java.vm.name=OpenJDK 64-Bit Server VM
2024-06-05 19:42:23,030 INFO o.a.j.JMeter: os.name=Linux
2024-06-05 19:42:23,030 INFO o.a.j.JMeter: os.arch=amd64
2024-06-05 19:42:23,031 INFO o.a.j.JMeter: os.version=5.15.146.1-microsoft-standard-WSL2
2024-06-05 19:42:23,031 INFO o.a.j.JMeter: file.encoding=UTF-8
2024-06-05 19:42:23,031 INFO o.a.j.JMeter: java.awt.headless=true
2024-06-05 19:42:23,031 INFO o.a.j.JMeter: Max memory     =4188012544
2024-06-05 19:42:23,032 INFO o.a.j.JMeter: Available Processors =12
2024-06-05 19:42:23,037 INFO o.a.j.JMeter: Default Locale=English
2024-06-05 19:42:23,037 INFO o.a.j.JMeter: JMeter  Locale=English
2024-06-05 19:42:23,038 INFO o.a.j.JMeter: JMeterHome=/mnt/c/Users/Ivan/Desktop/JMeter/apache-jmeter-5.6.3/apache-jmeter-5.6.3
2024-06-05 19:42:23,038 INFO o.a.j.JMeter: user.dir  =/mnt/c/Users/Ivan/IdeaProjects/MigApp/jmeter
2024-06-05 19:42:23,038 INFO o.a.j.JMeter: PWD       =/mnt/c/Users/Ivan/IdeaProjects/MigApp/jmeter
2024-06-05 19:42:23,039 INFO o.a.j.JMeter: IP: 127.0.1.1 Name: DESKTOP-7GQKE8O FullName: DESKTOP-7GQKE8O.
2024-06-05 19:42:23,060 INFO o.a.j.JMeter: Setting property 'jmeter.reportgenerator.outputdir' to:'/mnt/c/Users/Ivan/IdeaProjects/MigApp/jmeter/./res/1500-3-20'
2024-06-05 19:42:23,066 INFO o.a.j.s.FileServer: Default base='/mnt/c/Users/Ivan/IdeaProjects/MigApp/jmeter'
2024-06-05 19:42:23,067 INFO o.a.j.s.FileServer: Set new base='/mnt/c/Users/Ivan/IdeaProjects/MigApp/jmeter/./plans'
2024-06-05 19:42:23,274 INFO o.a.j.s.SaveService: Testplan (JMX) version: 2.2. Testlog (JTL) version: 2.2
2024-06-05 19:42:23,298 INFO o.a.j.s.SaveService: Using SaveService properties version 5.0
2024-06-05 19:42:23,302 INFO o.a.j.s.SaveService: Using SaveService properties file encoding UTF-8
2024-06-05 19:42:23,307 INFO o.a.j.s.SaveService: Loading file: ./plans/cute-1500.jmx
2024-06-05 19:42:23,380 INFO o.a.j.p.h.s.HTTPSamplerBase: Parser for text/html is org.apache.jmeter.protocol.http.parser.LagartoBasedHtmlParser
2024-06-05 19:42:23,381 INFO o.a.j.p.h.s.HTTPSamplerBase: Parser for application/xhtml+xml is org.apache.jmeter.protocol.http.parser.LagartoBasedHtmlParser
2024-06-05 19:42:23,381 INFO o.a.j.p.h.s.HTTPSamplerBase: Parser for application/xml is org.apache.jmeter.protocol.http.parser.LagartoBasedHtmlParser
2024-06-05 19:42:23,381 INFO o.a.j.p.h.s.HTTPSamplerBase: Parser for text/xml is org.apache.jmeter.protocol.http.parser.LagartoBasedHtmlParser
2024-06-05 19:42:23,382 INFO o.a.j.p.h.s.HTTPSamplerBase: Parser for text/vnd.wap.wml is org.apache.jmeter.protocol.http.parser.RegexpHTMLParser
2024-06-05 19:42:23,382 INFO o.a.j.p.h.s.HTTPSamplerBase: Parser for text/css is org.apache.jmeter.protocol.http.parser.CssParser
2024-06-05 19:42:23,419 INFO o.a.j.JMeter: Creating summariser <summary>
2024-06-05 19:42:23,426 INFO o.a.j.r.d.ReportGenerator: ReportGenerator will use for Parsing the separator: ','
2024-06-05 19:42:23,427 INFO o.a.j.r.d.ReportGenerator: Will generate report at end of test from  results file: ./logs/1500-3-20/log-1500.jtl
2024-06-05 19:42:23,427 INFO o.a.j.r.d.ReportGenerator: Reading report generator properties from: /mnt/c/Users/Ivan/Desktop/JMeter/apache-jmeter-5.6.3/apache-jmeter-5.6.3/bin/reportgenerator.properties
2024-06-05 19:42:23,429 INFO o.a.j.r.d.ReportGenerator: Merging with JMeter properties
2024-06-05 19:42:23,434 INFO o.a.j.r.c.ReportGeneratorConfiguration: Property 'jmeter.reportgenerator.temp_dir' not found, using default value 'temp' instead.
2024-06-05 19:42:23,437 INFO o.a.j.r.c.ReportGeneratorConfiguration: Property 'jmeter.reportgenerator.apdex_per_transaction' not found, using default value 'null' instead.
2024-06-05 19:42:23,438 INFO o.a.j.r.c.ReportGeneratorConfiguration: apdex_per_transaction is empty, not APDEX per transaction customization
2024-06-05 19:42:23,438 INFO o.a.j.r.c.ReportGeneratorConfiguration: Property 'jmeter.reportgenerator.sample_filter' not found, using default value 'null' instead.
2024-06-05 19:42:23,438 INFO o.a.j.r.c.ReportGeneratorConfiguration: Property 'jmeter.reportgenerator.report_title' not found, using default value 'null' instead.
2024-06-05 19:42:23,439 INFO o.a.j.r.c.ReportGeneratorConfiguration: Property 'jmeter.reportgenerator.start_date' not found, using default value 'null' instead.
2024-06-05 19:42:23,439 INFO o.a.j.r.c.ReportGeneratorConfiguration: Property 'jmeter.reportgenerator.end_date' not found, using default value 'null' instead.
2024-06-05 19:42:23,439 INFO o.a.j.r.c.ReportGeneratorConfiguration: Property 'jmeter.reportgenerator.date_format' not found, using default value 'null' instead.
2024-06-05 19:42:23,439 INFO o.a.j.r.c.ReportGeneratorConfiguration: Will use date range start date: null, end date: null
2024-06-05 19:42:23,444 INFO o.a.j.r.c.ReportGeneratorConfiguration: Property 'jmeter.reportgenerator.graph.totalTPS.exclude_controllers' not found, using default value 'false' instead.
2024-06-05 19:42:23,444 INFO o.a.j.r.c.ReportGeneratorConfiguration: Property 'jmeter.reportgenerator.graph.activeThreadsOverTime.exclude_controllers' not found, using default value 'false' instead.
2024-06-05 19:42:23,444 INFO o.a.j.r.c.ReportGeneratorConfiguration: Property 'jmeter.reportgenerator.graph.timeVsThreads.exclude_controllers' not found, using default value 'false' instead.
2024-06-05 19:42:23,445 INFO o.a.j.r.c.ReportGeneratorConfiguration: Property 'jmeter.reportgenerator.graph.responseTimeDistribution.exclude_controllers' not found, using default value 'false' instead.
2024-06-05 19:42:23,445 INFO o.a.j.r.c.ReportGeneratorConfiguration: Property 'jmeter.reportgenerator.graph.transactionsPerSecond.exclude_controllers' not found, using default value 'false' instead.
2024-06-05 19:42:23,445 INFO o.a.j.r.c.ReportGeneratorConfiguration: Property 'jmeter.reportgenerator.graph.responseTimePercentiles.exclude_controllers' not found, using default value 'false' instead.
2024-06-05 19:42:23,445 INFO o.a.j.r.c.ReportGeneratorConfiguration: Property 'jmeter.reportgenerator.graph.responseTimePercentilesOverTime.exclude_controllers' not found, using default value 'false' instead.
2024-06-05 19:42:23,446 INFO o.a.j.r.c.ReportGeneratorConfiguration: Property 'jmeter.reportgenerator.graph.responseTimesOverTime.exclude_controllers' not found, using default value 'false' instead.
2024-06-05 19:42:23,446 INFO o.a.j.r.c.ReportGeneratorConfiguration: Property 'jmeter.reportgenerator.graph.connectTimeOverTime.exclude_controllers' not found, using default value 'false' instead.
2024-06-05 19:42:23,447 INFO o.a.j.r.c.ReportGeneratorConfiguration: Property 'jmeter.reportgenerator.graph.latenciesOverTime.exclude_controllers' not found, using default value 'false' instead.
2024-06-05 19:42:23,448 INFO o.a.j.r.c.ReportGeneratorConfiguration: Property 'jmeter.reportgenerator.exporter.json.filters_only_sample_series' not found, using default value 'true' instead.
2024-06-05 19:42:23,448 INFO o.a.j.r.c.ReportGeneratorConfiguration: Property 'jmeter.reportgenerator.exporter.json.series_filter' not found, using default value '' instead.
2024-06-05 19:42:23,448 INFO o.a.j.r.c.ReportGeneratorConfiguration: Property 'jmeter.reportgenerator.exporter.json.show_controllers_only' not found, using default value 'false' instead.
2024-06-05 19:42:23,449 INFO o.a.j.r.c.ReportGeneratorConfiguration: Property 'jmeter.reportgenerator.exporter.html.filters_only_sample_series' not found, using default value 'true' instead.
2024-06-05 19:42:23,450 INFO o.a.j.r.c.ReportGeneratorConfiguration: Property 'jmeter.reportgenerator.exporter.html.series_filter' not found, using default value '' instead.
2024-06-05 19:42:23,450 INFO o.a.j.r.c.ReportGeneratorConfiguration: Property 'jmeter.reportgenerator.exporter.html.show_controllers_only' not found, using default value 'false' instead.
2024-06-05 19:42:23,460 INFO o.a.j.e.StandardJMeterEngine: Running the test!
2024-06-05 19:42:23,461 INFO o.a.j.s.SampleEvent: List of sample_variables: []
2024-06-05 19:42:23,461 INFO o.a.j.s.SampleEvent: List of sample_variables: []
2024-06-05 19:42:23,468 INFO o.a.j.e.u.CompoundVariable: Note: Function class names must contain the string: '.functions.'
2024-06-05 19:42:23,468 INFO o.a.j.e.u.CompoundVariable: Note: Function class names must not contain the string: '.gui.'
2024-06-05 19:42:23,587 INFO o.a.j.r.ResultCollector: Folder at /mnt/c/Users/Ivan/IdeaProjects/MigApp/jmeter/logs/1500-3-20 was created
2024-06-05 19:42:23,600 INFO o.a.j.JMeter: Running test (1717591343600)
2024-06-05 19:42:23,615 INFO o.a.j.e.StandardJMeterEngine: Starting ThreadGroup: 1 : Thread Group
2024-06-05 19:42:23,616 INFO o.a.j.e.StandardJMeterEngine: Starting 300 threads for group Thread Group.
2024-06-05 19:42:23,616 INFO o.a.j.e.StandardJMeterEngine: Thread will continue on error
2024-06-05 19:42:23,616 INFO o.a.j.t.ThreadGroup: Starting thread group... number=1 threads=300 ramp-up=3 delayedStart=false
2024-06-05 19:42:23,625 INFO o.a.j.t.JMeterThread: Thread started: Thread Group 1-1
2024-06-05 19:42:23,631 INFO o.a.j.t.JMeterThread: Thread started: Thread Group 1-2
2024-06-05 19:42:23,640 INFO o.a.j.t.JMeterThread: Thread started: Thread Group 1-3
2024-06-05 19:42:23,649 INFO o.a.j.t.JMeterThread: Thread started: Thread Group 1-4
2024-06-05 19:42:23,659 INFO o.a.j.t.JMeterThread: Thread started: Thread Group 1-5
2024-06-05 19:42:23,663 INFO o.a.j.p.h.s.HTTPHCAbstractImpl: Local host = DESKTOP-7GQKE8O
2024-06-05 19:42:23,668 INFO o.a.j.t.JMeterThread: Thread started: Thread Group 1-6
2024-06-05 19:42:23,677 INFO o.a.j.t.JMeterThread: Thread started: Thread Group 1-7
2024-06-05 19:42:23,680 INFO o.a.j.p.h.s.HTTPHC4Impl: HTTP request retry count = 0
2024-06-05 19:42:23,683 INFO o.a.j.s.SampleResult: Note: Sample TimeStamps are START times
2024-06-05 19:42:23,683 INFO o.a.j.s.SampleResult: sampleresult.default.encoding is set to UTF-8
2024-06-05 19:42:23,683 INFO o.a.j.s.SampleResult: sampleresult.useNanoTime=true
2024-06-05 19:42:23,684 INFO o.a.j.s.SampleResult: sampleresult.nanoThreadSleep=5000
2024-06-05 19:42:23,687 INFO o.a.j.t.JMeterThread: Thread started: Thread Group 1-8
2024-06-05 19:42:23,697 INFO o.a.j.t.JMeterThread: Thread started: Thread Group 1-9
2024-06-05 19:42:23,707 INFO o.a.j.t.JMeterThread: Thread started: Thread Group 1-10
2024-06-05 19:42:23,717 INFO o.a.j.t.JMeterThread: Thread started: Thread Group 1-11
2024-06-05 19:42:23,727 INFO o.a.j.t.JMeterThread: Thread started: Thread Group 1-12
2024-06-05 19:42:23,737 INFO o.a.j.t.JMeterThread: Thread started: Thread Group 1-13
2024-06-05 19:42:23,739 INFO o.a.j.t.ThreadGroup: Started thread group number 1
2024-06-05 19:42:23,740 INFO o.a.j.e.StandardJMeterEngine: All thread groups have been started
2024-06-05 19:42:23,748 INFO o.a.j.t.JMeterThread: Thread started: Thread Group 1-14
2024-06-05 19:42:23,757 INFO o.a.j.t.JMeterThread: Thread started: Thread Group 1-15
2024-06-05 19:42:23,768 INFO o.a.j.t.JMeterThread: Thread started: Thread Group 1-16
2024-06-05 19:42:23,777 INFO o.a.j.t.JMeterThread: Thread started: Thread Group 1-17
2024-06-05 19:42:23,787 INFO o.a.j.t.JMeterThread: Thread started: Thread Group 1-18
2024-06-05 19:42:23,797 INFO o.a.j.t.JMeterThread: Thread started: Thread Group 1-19
2024-06-05 19:42:23,807 INFO o.a.j.t.JMeterThread: Thread started: Thread Group 1-20
2024-06-05 19:42:23,817 INFO o.a.j.t.JMeterThread: Thread started: Thread Group 1-21
2024-06-05 19:42:23,827 INFO o.a.j.t.JMeterThread: Thread started: Thread Group 1-22
2024-06-05 19:42:23,837 INFO o.a.j.t.JMeterThread: Thread started: Thread Group 1-23
2024-06-05 19:42:23,848 INFO o.a.j.t.JMeterThread: Thread started: Thread Group 1-24
2024-06-05 19:42:23,857 INFO o.a.j.t.JMeterThread: Thread started: Thread Group 1-25
2024-06-05 19:42:23,867 INFO o.a.j.t.JMeterThread: Thread started: Thread Group 1-26
2024-06-05 19:42:23,877 INFO o.a.j.t.JMeterThread: Thread started: Thread Group 1-27
2024-06-05 19:42:23,887 INFO o.a.j.t.JMeterThread: Thread started: Thread Group 1-28
2024-06-05 19:42:23,896 INFO o.a.j.t.JMeterThread: Thread started: Thread Group 1-29
2024-06-05 19:42:23,907 INFO o.a.j.t.JMeterThread: Thread started: Thread Group 1-30
2024-06-05 19:42:23,917 INFO o.a.j.t.JMeterThread: Thread started: Thread Group 1-31
2024-06-05 19:42:23,927 INFO o.a.j.t.JMeterThread: Thread started: Thread Group 1-32
2024-06-05 19:42:23,934 INFO o.a.j.p.h.s.h.LazyLayeredConnectionSocketFactory: Setting up HTTPS TrustAll Socket Factory
2024-06-05 19:42:23,937 INFO o.a.j.t.JMeterThread: Thread started: Thread Group 1-33
2024-06-05 19:42:23,942 INFO o.a.j.u.JsseSSLManager: Using default SSL protocol: TLS
2024-06-05 19:42:23,943 INFO o.a.j.u.JsseSSLManager: SSL session context: per-thread
2024-06-05 19:42:23,947 INFO o.a.j.t.JMeterThread: Thread started: Thread Group 1-34
2024-06-05 19:42:23,957 INFO o.a.j.t.JMeterThread: Thread started: Thread Group 1-35
2024-06-05 19:42:23,967 INFO o.a.j.t.JMeterThread: Thread started: Thread Group 1-36
2024-06-05 19:42:23,977 INFO o.a.j.t.JMeterThread: Thread started: Thread Group 1-37
2024-06-05 19:42:23,986 INFO o.a.j.t.JMeterThread: Thread started: Thread Group 1-38
2024-06-05 19:42:23,997 INFO o.a.j.t.JMeterThread: Thread started: Thread Group 1-39
2024-06-05 19:42:24,006 INFO o.a.j.t.JMeterThread: Thread started: Thread Group 1-40
2024-06-05 19:42:24,011 INFO o.a.j.u.SSLManager: JmeterKeyStore Location:  type JKS
2024-06-05 19:42:24,014 INFO o.a.j.u.SSLManager: KeyStore created OK
2024-06-05 19:42:24,015 WARN o.a.j.u.SSLManager: Keystore file not found, loading empty keystore
2024-06-05 19:42:24,017 INFO o.a.j.t.JMeterThread: Thread started: Thread Group 1-41
2024-06-05 19:42:24,027 INFO o.a.j.t.JMeterThread: Thread started: Thread Group 1-42
2024-06-05 19:42:24,037 INFO o.a.j.t.JMeterThread: Thread started: Thread Group 1-43
2024-06-05 19:42:24,047 INFO o.a.j.t.JMeterThread: Thread started: Thread Group 1-44
2024-06-05 19:42:24,057 INFO o.a.j.t.JMeterThread: Thread started: Thread Group 1-45
2024-06-05 19:42:24,067 INFO o.a.j.t.JMeterThread: Thread started: Thread Group 1-46
2024-06-05 19:42:24,077 INFO o.a.j.t.JMeterThread: Thread started: Thread Group 1-47
2024-06-05 19:42:24,086 INFO o.a.j.t.JMeterThread: Thread started: Thread Group 1-48
2024-06-05 19:42:24,097 INFO o.a.j.t.JMeterThread: Thread started: Thread Group 1-49
2024-06-05 19:42:24,107 INFO o.a.j.t.JMeterThread: Thread started: Thread Group 1-50
2024-06-05 19:42:24,117 INFO o.a.j.t.JMeterThread: Thread started: Thread Group 1-51
2024-06-05 19:42:24,127 INFO o.a.j.t.JMeterThread: Thread started: Thread Group 1-52
2024-06-05 19:42:24,136 INFO o.a.j.t.JMeterThread: Thread started: Thread Group 1-53
2024-06-05 19:42:24,151 INFO o.a.j.t.JMeterThread: Thread started: Thread Group 1-54
2024-06-05 19:42:24,157 INFO o.a.j.t.JMeterThread: Thread started: Thread Group 1-55
2024-06-05 19:42:24,167 INFO o.a.j.t.JMeterThread: Thread started: Thread Group 1-56
2024-06-05 19:42:24,177 INFO o.a.j.t.JMeterThread: Thread started: Thread Group 1-57
2024-06-05 19:42:24,187 INFO o.a.j.t.JMeterThread: Thread started: Thread Group 1-58
2024-06-05 19:42:24,196 INFO o.a.j.t.JMeterThread: Thread started: Thread Group 1-59
2024-06-05 19:42:24,208 INFO o.a.j.t.JMeterThread: Thread started: Thread Group 1-60
2024-06-05 19:42:24,217 INFO o.a.j.t.JMeterThread: Thread started: Thread Group 1-61
2024-06-05 19:42:24,226 INFO o.a.j.t.JMeterThread: Thread started: Thread Group 1-62
2024-06-05 19:42:24,237 INFO o.a.j.t.JMeterThread: Thread started: Thread Group 1-63
2024-06-05 19:42:24,247 INFO o.a.j.t.JMeterThread: Thread started: Thread Group 1-64
2024-06-05 19:42:24,257 INFO o.a.j.t.JMeterThread: Thread started: Thread Group 1-65
2024-06-05 19:42:24,267 INFO o.a.j.t.JMeterThread: Thread started: Thread Group 1-66
2024-06-05 19:42:24,278 INFO o.a.j.t.JMeterThread: Thread started: Thread Group 1-67
2024-06-05 19:42:24,287 INFO o.a.j.t.JMeterThread: Thread started: Thread Group 1-68
2024-06-05 19:42:24,297 INFO o.a.j.t.JMeterThread: Thread started: Thread Group 1-69
2024-06-05 19:42:24,306 INFO o.a.j.t.JMeterThread: Thread started: Thread Group 1-70
2024-06-05 19:42:24,317 INFO o.a.j.t.JMeterThread: Thread started: Thread Group 1-71
2024-06-05 19:42:24,328 INFO o.a.j.t.JMeterThread: Thread started: Thread Group 1-72
2024-06-05 19:42:24,337 INFO o.a.j.t.JMeterThread: Thread started: Thread Group 1-73
2024-06-05 19:42:24,347 INFO o.a.j.t.JMeterThread: Thread started: Thread Group 1-74
2024-06-05 19:42:24,357 INFO o.a.j.t.JMeterThread: Thread started: Thread Group 1-75
2024-06-05 19:42:24,367 INFO o.a.j.t.JMeterThread: Thread started: Thread Group 1-76
2024-06-05 19:42:24,376 INFO o.a.j.t.JMeterThread: Thread started: Thread Group 1-77
2024-06-05 19:42:24,387 INFO o.a.j.t.JMeterThread: Thread started: Thread Group 1-78
2024-06-05 19:42:24,397 INFO o.a.j.t.JMeterThread: Thread started: Thread Group 1-79
2024-06-05 19:42:24,408 INFO o.a.j.t.JMeterThread: Thread started: Thread Group 1-80
2024-06-05 19:42:24,417 INFO o.a.j.t.JMeterThread: Thread started: Thread Group 1-81
2024-06-05 19:42:24,427 INFO o.a.j.t.JMeterThread: Thread started: Thread Group 1-82
2024-06-05 19:42:24,446 INFO o.a.j.t.JMeterThread: Thread started: Thread Group 1-84
2024-06-05 19:42:24,465 INFO o.a.j.t.JMeterThread: Thread started: Thread Group 1-85
2024-06-05 19:42:24,465 INFO o.a.j.t.JMeterThread: Thread started: Thread Group 1-83
2024-06-05 19:42:24,475 INFO o.a.j.t.JMeterThread: Thread started: Thread Group 1-86
2024-06-05 19:42:24,492 INFO o.a.j.t.JMeterThread: Thread started: Thread Group 1-88
2024-06-05 19:42:24,476 INFO o.a.j.t.JMeterThread: Thread started: Thread Group 1-87
2024-06-05 19:42:24,497 INFO o.a.j.t.JMeterThread: Thread started: Thread Group 1-89
2024-06-05 19:42:24,507 INFO o.a.j.t.JMeterThread: Thread started: Thread Group 1-90
2024-06-05 19:42:24,517 INFO o.a.j.t.JMeterThread: Thread started: Thread Group 1-91
2024-06-05 19:42:24,586 INFO o.a.j.t.JMeterThread: Thread started: Thread Group 1-97
2024-06-05 19:42:24,593 INFO o.a.j.t.JMeterThread: Thread started: Thread Group 1-98
2024-06-05 19:42:24,587 INFO o.a.j.t.JMeterThread: Thread started: Thread Group 1-96
2024-06-05 19:42:24,587 INFO o.a.j.t.JMeterThread: Thread started: Thread Group 1-95
2024-06-05 19:42:24,587 INFO o.a.j.t.JMeterThread: Thread started: Thread Group 1-93
2024-06-05 19:42:24,596 INFO o.a.j.t.JMeterThread: Thread started: Thread Group 1-99
2024-06-05 19:42:24,607 INFO o.a.j.t.JMeterThread: Thread started: Thread Group 1-100
2024-06-05 19:42:24,611 INFO o.a.j.t.JMeterThread: Thread started: Thread Group 1-92
2024-06-05 19:42:24,614 INFO o.a.j.t.JMeterThread: Thread started: Thread Group 1-94
2024-06-05 19:42:24,627 INFO o.a.j.t.JMeterThread: Thread started: Thread Group 1-102
2024-06-05 19:42:24,624 INFO o.a.j.t.JMeterThread: Thread started: Thread Group 1-101
2024-06-05 19:42:24,637 INFO o.a.j.t.JMeterThread: Thread started: Thread Group 1-103
2024-06-05 19:42:24,646 INFO o.a.j.t.JMeterThread: Thread started: Thread Group 1-104
2024-06-05 19:42:24,657 INFO o.a.j.t.JMeterThread: Thread started: Thread Group 1-105
2024-06-05 19:42:24,667 INFO o.a.j.t.JMeterThread: Thread started: Thread Group 1-106
2024-06-05 19:42:24,677 INFO o.a.j.t.JMeterThread: Thread started: Thread Group 1-107
2024-06-05 19:42:24,687 INFO o.a.j.t.JMeterThread: Thread started: Thread Group 1-108
2024-06-05 19:42:24,697 INFO o.a.j.t.JMeterThread: Thread started: Thread Group 1-109
2024-06-05 19:42:24,706 INFO o.a.j.t.JMeterThread: Thread started: Thread Group 1-110
2024-06-05 19:42:24,717 INFO o.a.j.t.JMeterThread: Thread started: Thread Group 1-111
2024-06-05 19:42:24,727 INFO o.a.j.t.JMeterThread: Thread started: Thread Group 1-112
2024-06-05 19:42:24,736 INFO o.a.j.t.JMeterThread: Thread started: Thread Group 1-113
2024-06-05 19:42:24,746 INFO o.a.j.t.JMeterThread: Thread started: Thread Group 1-114
2024-06-05 19:42:24,757 INFO o.a.j.t.JMeterThread: Thread started: Thread Group 1-115
2024-06-05 19:42:24,767 INFO o.a.j.t.JMeterThread: Thread started: Thread Group 1-116
2024-06-05 19:42:24,778 INFO o.a.j.t.JMeterThread: Thread started: Thread Group 1-117
2024-06-05 19:42:24,787 INFO o.a.j.t.JMeterThread: Thread started: Thread Group 1-118
2024-06-05 19:42:24,796 INFO o.a.j.t.JMeterThread: Thread started: Thread Group 1-119
2024-06-05 19:42:24,807 INFO o.a.j.t.JMeterThread: Thread started: Thread Group 1-120
2024-06-05 19:42:24,816 INFO o.a.j.t.JMeterThread: Thread started: Thread Group 1-121
2024-06-05 19:42:24,827 INFO o.a.j.t.JMeterThread: Thread started: Thread Group 1-122
2024-06-05 19:42:24,837 INFO o.a.j.t.JMeterThread: Thread started: Thread Group 1-123
2024-06-05 19:42:24,846 INFO o.a.j.t.JMeterThread: Thread started: Thread Group 1-124
2024-06-05 19:42:24,857 INFO o.a.j.t.JMeterThread: Thread started: Thread Group 1-125
2024-06-05 19:42:24,868 INFO o.a.j.t.JMeterThread: Thread started: Thread Group 1-126
2024-06-05 19:42:24,876 INFO o.a.j.t.JMeterThread: Thread started: Thread Group 1-127
2024-06-05 19:42:24,887 INFO o.a.j.t.JMeterThread: Thread started: Thread Group 1-128
2024-06-05 19:42:24,897 INFO o.a.j.t.JMeterThread: Thread started: Thread Group 1-129
2024-06-05 19:42:24,907 INFO o.a.j.t.JMeterThread: Thread started: Thread Group 1-130
2024-06-05 19:42:24,916 INFO o.a.j.t.JMeterThread: Thread started: Thread Group 1-131
2024-06-05 19:42:24,927 INFO o.a.j.t.JMeterThread: Thread started: Thread Group 1-132
2024-06-05 19:42:24,937 INFO o.a.j.t.JMeterThread: Thread started: Thread Group 1-133
2024-06-05 19:42:24,947 INFO o.a.j.t.JMeterThread: Thread started: Thread Group 1-134
2024-06-05 19:42:24,957 INFO o.a.j.t.JMeterThread: Thread started: Thread Group 1-135
2024-06-05 19:42:24,967 INFO o.a.j.t.JMeterThread: Thread started: Thread Group 1-136
2024-06-05 19:42:24,977 INFO o.a.j.t.JMeterThread: Thread started: Thread Group 1-137
2024-06-05 19:42:24,987 INFO o.a.j.t.JMeterThread: Thread started: Thread Group 1-138
2024-06-05 19:42:24,997 INFO o.a.j.t.JMeterThread: Thread started: Thread Group 1-139
2024-06-05 19:42:25,007 INFO o.a.j.t.JMeterThread: Thread started: Thread Group 1-140
2024-06-05 19:42:25,016 INFO o.a.j.t.JMeterThread: Thread started: Thread Group 1-141
2024-06-05 19:42:25,027 INFO o.a.j.t.JMeterThread: Thread started: Thread Group 1-142
2024-06-05 19:42:25,037 INFO o.a.j.t.JMeterThread: Thread started: Thread Group 1-143
2024-06-05 19:42:25,046 INFO o.a.j.t.JMeterThread: Thread started: Thread Group 1-144
2024-06-05 19:42:25,057 INFO o.a.j.t.JMeterThread: Thread started: Thread Group 1-145
2024-06-05 19:42:25,067 INFO o.a.j.t.JMeterThread: Thread started: Thread Group 1-146
2024-06-05 19:42:25,077 INFO o.a.j.t.JMeterThread: Thread started: Thread Group 1-147
2024-06-05 19:42:25,088 INFO o.a.j.t.JMeterThread: Thread started: Thread Group 1-148
2024-06-05 19:42:25,097 INFO o.a.j.t.JMeterThread: Thread started: Thread Group 1-149
2024-06-05 19:42:25,107 INFO o.a.j.t.JMeterThread: Thread started: Thread Group 1-150
2024-06-05 19:42:25,117 INFO o.a.j.t.JMeterThread: Thread started: Thread Group 1-151
2024-06-05 19:42:25,126 INFO o.a.j.t.JMeterThread: Thread started: Thread Group 1-152
2024-06-05 19:42:25,137 INFO o.a.j.t.JMeterThread: Thread started: Thread Group 1-153
2024-06-05 19:42:25,147 INFO o.a.j.t.JMeterThread: Thread started: Thread Group 1-154
2024-06-05 19:42:25,156 INFO o.a.j.t.JMeterThread: Thread started: Thread Group 1-155
2024-06-05 19:42:25,172 INFO o.a.j.t.JMeterThread: Thread started: Thread Group 1-156
2024-06-05 19:42:25,182 INFO o.a.j.t.JMeterThread: Thread started: Thread Group 1-157
2024-06-05 19:42:25,187 INFO o.a.j.t.JMeterThread: Thread started: Thread Group 1-158
2024-06-05 19:42:25,197 INFO o.a.j.t.JMeterThread: Thread started: Thread Group 1-159
2024-06-05 19:42:25,207 INFO o.a.j.t.JMeterThread: Thread started: Thread Group 1-160
2024-06-05 19:42:25,216 INFO o.a.j.t.JMeterThread: Thread started: Thread Group 1-161
2024-06-05 19:42:25,227 INFO o.a.j.t.JMeterThread: Thread started: Thread Group 1-162
2024-06-05 19:42:25,237 INFO o.a.j.t.JMeterThread: Thread started: Thread Group 1-163
2024-06-05 19:42:25,246 INFO o.a.j.t.JMeterThread: Thread started: Thread Group 1-164
2024-06-05 19:42:25,257 INFO o.a.j.t.JMeterThread: Thread started: Thread Group 1-165
2024-06-05 19:42:25,267 INFO o.a.j.t.JMeterThread: Thread started: Thread Group 1-166
2024-06-05 19:42:25,276 INFO o.a.j.t.JMeterThread: Thread started: Thread Group 1-167
2024-06-05 19:42:25,286 INFO o.a.j.t.JMeterThread: Thread started: Thread Group 1-168
2024-06-05 19:42:25,297 INFO o.a.j.t.JMeterThread: Thread started: Thread Group 1-169
2024-06-05 19:42:25,306 INFO o.a.j.t.JMeterThread: Thread started: Thread Group 1-170
2024-06-05 19:42:25,317 INFO o.a.j.t.JMeterThread: Thread started: Thread Group 1-171
2024-06-05 19:42:25,327 INFO o.a.j.t.JMeterThread: Thread started: Thread Group 1-172
2024-06-05 19:42:25,337 INFO o.a.j.t.JMeterThread: Thread started: Thread Group 1-173
2024-06-05 19:42:25,346 INFO o.a.j.t.JMeterThread: Thread started: Thread Group 1-174
2024-06-05 19:42:25,356 INFO o.a.j.t.JMeterThread: Thread started: Thread Group 1-175
2024-06-05 19:42:25,367 INFO o.a.j.t.JMeterThread: Thread started: Thread Group 1-176
2024-06-05 19:42:25,376 INFO o.a.j.t.JMeterThread: Thread started: Thread Group 1-177
2024-06-05 19:42:25,386 INFO o.a.j.t.JMeterThread: Thread started: Thread Group 1-178
2024-06-05 19:42:25,397 INFO o.a.j.t.JMeterThread: Thread started: Thread Group 1-179
2024-06-05 19:42:25,406 INFO o.a.j.t.JMeterThread: Thread started: Thread Group 1-180
2024-06-05 19:42:25,416 INFO o.a.j.t.JMeterThread: Thread started: Thread Group 1-181
2024-06-05 19:42:25,427 INFO o.a.j.t.JMeterThread: Thread started: Thread Group 1-182
2024-06-05 19:42:25,437 INFO o.a.j.t.JMeterThread: Thread started: Thread Group 1-183
2024-06-05 19:42:25,446 INFO o.a.j.t.JMeterThread: Thread started: Thread Group 1-184
2024-06-05 19:42:25,457 INFO o.a.j.t.JMeterThread: Thread started: Thread Group 1-185
2024-06-05 19:42:25,467 INFO o.a.j.t.JMeterThread: Thread started: Thread Group 1-186
2024-06-05 19:42:25,477 INFO o.a.j.t.JMeterThread: Thread started: Thread Group 1-187
2024-06-05 19:42:25,487 INFO o.a.j.t.JMeterThread: Thread started: Thread Group 1-188
2024-06-05 19:42:25,497 INFO o.a.j.t.JMeterThread: Thread started: Thread Group 1-189
2024-06-05 19:42:25,506 INFO o.a.j.t.JMeterThread: Thread started: Thread Group 1-190
2024-06-05 19:42:25,517 INFO o.a.j.t.JMeterThread: Thread started: Thread Group 1-191
2024-06-05 19:42:25,527 INFO o.a.j.t.JMeterThread: Thread started: Thread Group 1-192
2024-06-05 19:42:25,537 INFO o.a.j.t.JMeterThread: Thread started: Thread Group 1-193
2024-06-05 19:42:25,547 INFO o.a.j.t.JMeterThread: Thread started: Thread Group 1-194
2024-06-05 19:42:25,557 INFO o.a.j.t.JMeterThread: Thread started: Thread Group 1-195
2024-06-05 19:42:25,566 INFO o.a.j.t.JMeterThread: Thread started: Thread Group 1-196
2024-06-05 19:42:25,577 INFO o.a.j.t.JMeterThread: Thread started: Thread Group 1-197
2024-06-05 19:42:25,586 INFO o.a.j.t.JMeterThread: Thread started: Thread Group 1-198
2024-06-05 19:42:25,597 INFO o.a.j.t.JMeterThread: Thread started: Thread Group 1-199
2024-06-05 19:42:25,606 INFO o.a.j.t.JMeterThread: Thread started: Thread Group 1-200
2024-06-05 19:42:25,616 INFO o.a.j.t.JMeterThread: Thread started: Thread Group 1-201
2024-06-05 19:42:25,627 INFO o.a.j.t.JMeterThread: Thread started: Thread Group 1-202
2024-06-05 19:42:25,636 INFO o.a.j.t.JMeterThread: Thread started: Thread Group 1-203
2024-06-05 19:42:25,647 INFO o.a.j.t.JMeterThread: Thread started: Thread Group 1-204
2024-06-05 19:42:25,657 INFO o.a.j.t.JMeterThread: Thread started: Thread Group 1-205
2024-06-05 19:42:25,666 INFO o.a.j.t.JMeterThread: Thread started: Thread Group 1-206
2024-06-05 19:42:25,676 INFO o.a.j.t.JMeterThread: Thread started: Thread Group 1-207
2024-06-05 19:42:25,687 INFO o.a.j.t.JMeterThread: Thread started: Thread Group 1-208
2024-06-05 19:42:25,696 INFO o.a.j.t.JMeterThread: Thread started: Thread Group 1-209
2024-06-05 19:42:25,707 INFO o.a.j.t.JMeterThread: Thread started: Thread Group 1-210
2024-06-05 19:42:25,716 INFO o.a.j.t.JMeterThread: Thread started: Thread Group 1-211
2024-06-05 19:42:25,727 INFO o.a.j.t.JMeterThread: Thread started: Thread Group 1-212
2024-06-05 19:42:25,736 INFO o.a.j.t.JMeterThread: Thread started: Thread Group 1-213
2024-06-05 19:42:25,746 INFO o.a.j.t.JMeterThread: Thread started: Thread Group 1-214
2024-06-05 19:42:25,757 INFO o.a.j.t.JMeterThread: Thread started: Thread Group 1-215
2024-06-05 19:42:25,766 INFO o.a.j.t.JMeterThread: Thread started: Thread Group 1-216
2024-06-05 19:42:25,776 INFO o.a.j.t.JMeterThread: Thread started: Thread Group 1-217
2024-06-05 19:42:25,787 INFO o.a.j.t.JMeterThread: Thread started: Thread Group 1-218
2024-06-05 19:42:25,797 INFO o.a.j.t.JMeterThread: Thread started: Thread Group 1-219
2024-06-05 19:42:25,806 INFO o.a.j.t.JMeterThread: Thread started: Thread Group 1-220
2024-06-05 19:42:25,816 INFO o.a.j.t.JMeterThread: Thread started: Thread Group 1-221
2024-06-05 19:42:25,827 INFO o.a.j.t.JMeterThread: Thread started: Thread Group 1-222
2024-06-05 19:42:25,836 INFO o.a.j.t.JMeterThread: Thread started: Thread Group 1-223
2024-06-05 19:42:25,846 INFO o.a.j.t.JMeterThread: Thread started: Thread Group 1-224
2024-06-05 19:42:25,856 INFO o.a.j.t.JMeterThread: Thread started: Thread Group 1-225
2024-06-05 19:42:25,867 INFO o.a.j.t.JMeterThread: Thread started: Thread Group 1-226
2024-06-05 19:42:25,876 INFO o.a.j.t.JMeterThread: Thread started: Thread Group 1-227
2024-06-05 19:42:25,887 INFO o.a.j.t.JMeterThread: Thread started: Thread Group 1-228
2024-06-05 19:42:25,897 INFO o.a.j.t.JMeterThread: Thread started: Thread Group 1-229
2024-06-05 19:42:25,907 INFO o.a.j.t.JMeterThread: Thread started: Thread Group 1-230
2024-06-05 19:42:25,916 INFO o.a.j.t.JMeterThread: Thread started: Thread Group 1-231
2024-06-05 19:42:25,927 INFO o.a.j.t.JMeterThread: Thread started: Thread Group 1-232
2024-06-05 19:42:25,937 INFO o.a.j.t.JMeterThread: Thread started: Thread Group 1-233
2024-06-05 19:42:25,947 INFO o.a.j.t.JMeterThread: Thread started: Thread Group 1-234
2024-06-05 19:42:25,957 INFO o.a.j.t.JMeterThread: Thread started: Thread Group 1-235
2024-06-05 19:42:25,966 INFO o.a.j.t.JMeterThread: Thread started: Thread Group 1-236
2024-06-05 19:42:25,977 INFO o.a.j.t.JMeterThread: Thread started: Thread Group 1-237
2024-06-05 19:42:25,987 INFO o.a.j.t.JMeterThread: Thread started: Thread Group 1-238
2024-06-05 19:42:25,997 INFO o.a.j.t.JMeterThread: Thread started: Thread Group 1-239
2024-06-05 19:42:26,007 INFO o.a.j.t.JMeterThread: Thread started: Thread Group 1-240
2024-06-05 19:42:26,017 INFO o.a.j.t.JMeterThread: Thread started: Thread Group 1-241
2024-06-05 19:42:26,027 INFO o.a.j.t.JMeterThread: Thread started: Thread Group 1-242
2024-06-05 19:42:26,037 INFO o.a.j.t.JMeterThread: Thread started: Thread Group 1-243
2024-06-05 19:42:26,047 INFO o.a.j.t.JMeterThread: Thread started: Thread Group 1-244
2024-06-05 19:42:26,057 INFO o.a.j.t.JMeterThread: Thread started: Thread Group 1-245
2024-06-05 19:42:26,072 INFO o.a.j.t.JMeterThread: Thread started: Thread Group 1-246
2024-06-05 19:42:26,077 INFO o.a.j.t.JMeterThread: Thread started: Thread Group 1-247
2024-06-05 19:42:26,087 INFO o.a.j.t.JMeterThread: Thread started: Thread Group 1-248
2024-06-05 19:42:26,096 INFO o.a.j.t.JMeterThread: Thread started: Thread Group 1-249
2024-06-05 19:42:26,107 INFO o.a.j.t.JMeterThread: Thread started: Thread Group 1-250
2024-06-05 19:42:26,117 INFO o.a.j.t.JMeterThread: Thread started: Thread Group 1-251
2024-06-05 19:42:26,127 INFO o.a.j.t.JMeterThread: Thread started: Thread Group 1-252
2024-06-05 19:42:26,137 INFO o.a.j.t.JMeterThread: Thread started: Thread Group 1-253
2024-06-05 19:42:26,147 INFO o.a.j.t.JMeterThread: Thread started: Thread Group 1-254
2024-06-05 19:42:26,157 INFO o.a.j.t.JMeterThread: Thread started: Thread Group 1-255
2024-06-05 19:42:26,166 INFO o.a.j.t.JMeterThread: Thread started: Thread Group 1-256
2024-06-05 19:42:26,176 INFO o.a.j.t.JMeterThread: Thread started: Thread Group 1-257
2024-06-05 19:42:26,187 INFO o.a.j.t.JMeterThread: Thread started: Thread Group 1-258
2024-06-05 19:42:26,196 INFO o.a.j.t.JMeterThread: Thread started: Thread Group 1-259
2024-06-05 19:42:26,207 INFO o.a.j.t.JMeterThread: Thread started: Thread Group 1-260
2024-06-05 19:42:26,217 INFO o.a.j.t.JMeterThread: Thread started: Thread Group 1-261
2024-06-05 19:42:26,227 INFO o.a.j.t.JMeterThread: Thread started: Thread Group 1-262
2024-06-05 19:42:26,236 INFO o.a.j.t.JMeterThread: Thread started: Thread Group 1-263
2024-06-05 19:42:26,247 INFO o.a.j.t.JMeterThread: Thread started: Thread Group 1-264
2024-06-05 19:42:26,257 INFO o.a.j.t.JMeterThread: Thread started: Thread Group 1-265
2024-06-05 19:42:26,266 INFO o.a.j.t.JMeterThread: Thread started: Thread Group 1-266
2024-06-05 19:42:26,277 INFO o.a.j.t.JMeterThread: Thread started: Thread Group 1-267
2024-06-05 19:42:26,287 INFO o.a.j.t.JMeterThread: Thread started: Thread Group 1-268
2024-06-05 19:42:26,297 INFO o.a.j.t.JMeterThread: Thread started: Thread Group 1-269
2024-06-05 19:42:26,307 INFO o.a.j.t.JMeterThread: Thread started: Thread Group 1-270
2024-06-05 19:42:26,317 INFO o.a.j.t.JMeterThread: Thread started: Thread Group 1-271
2024-06-05 19:42:26,326 INFO o.a.j.t.JMeterThread: Thread started: Thread Group 1-272
2024-06-05 19:42:26,337 INFO o.a.j.t.JMeterThread: Thread started: Thread Group 1-273
2024-06-05 19:42:26,347 INFO o.a.j.t.JMeterThread: Thread started: Thread Group 1-274
2024-06-05 19:42:26,356 INFO o.a.j.t.JMeterThread: Thread started: Thread Group 1-275
2024-06-05 19:42:26,367 INFO o.a.j.t.JMeterThread: Thread started: Thread Group 1-276
2024-06-05 19:42:26,376 INFO o.a.j.t.JMeterThread: Thread started: Thread Group 1-277
2024-06-05 19:42:26,386 INFO o.a.j.t.JMeterThread: Thread started: Thread Group 1-278
2024-06-05 19:42:26,397 INFO o.a.j.t.JMeterThread: Thread started: Thread Group 1-279
2024-06-05 19:42:26,406 INFO o.a.j.t.JMeterThread: Thread started: Thread Group 1-280
2024-06-05 19:42:26,417 INFO o.a.j.t.JMeterThread: Thread started: Thread Group 1-281
2024-06-05 19:42:26,427 INFO o.a.j.t.JMeterThread: Thread started: Thread Group 1-282
2024-06-05 19:42:26,437 INFO o.a.j.t.JMeterThread: Thread started: Thread Group 1-283
2024-06-05 19:42:26,446 INFO o.a.j.t.JMeterThread: Thread started: Thread Group 1-284
2024-06-05 19:42:26,457 INFO o.a.j.t.JMeterThread: Thread started: Thread Group 1-285
2024-06-05 19:42:26,466 INFO o.a.j.t.JMeterThread: Thread started: Thread Group 1-286
2024-06-05 19:42:26,476 INFO o.a.j.t.JMeterThread: Thread started: Thread Group 1-287
2024-06-05 19:42:26,487 INFO o.a.j.t.JMeterThread: Thread started: Thread Group 1-288
2024-06-05 19:42:26,497 INFO o.a.j.t.JMeterThread: Thread started: Thread Group 1-289
2024-06-05 19:42:26,506 INFO o.a.j.t.JMeterThread: Thread started: Thread Group 1-290
2024-06-05 19:42:26,517 INFO o.a.j.t.JMeterThread: Thread started: Thread Group 1-291
2024-06-05 19:42:26,527 INFO o.a.j.t.JMeterThread: Thread started: Thread Group 1-292
2024-06-05 19:42:26,536 INFO o.a.j.t.JMeterThread: Thread started: Thread Group 1-293
2024-06-05 19:42:26,547 INFO o.a.j.t.JMeterThread: Thread started: Thread Group 1-294
2024-06-05 19:42:26,556 INFO o.a.j.t.JMeterThread: Thread started: Thread Group 1-295
2024-06-05 19:42:26,567 INFO o.a.j.t.JMeterThread: Thread started: Thread Group 1-296
2024-06-05 19:42:26,577 INFO o.a.j.t.JMeterThread: Thread started: Thread Group 1-297
2024-06-05 19:42:26,587 INFO o.a.j.t.JMeterThread: Thread started: Thread Group 1-298
2024-06-05 19:42:26,597 INFO o.a.j.t.JMeterThread: Thread started: Thread Group 1-299
2024-06-05 19:42:26,607 INFO o.a.j.t.JMeterThread: Thread started: Thread Group 1-300
2024-06-05 19:42:30,002 INFO o.a.j.r.Summariser: summary +   2041 in 00:00:06 =  318.9/s Avg:   659 Min:    68 Max:  2014 Err:     0 (0.00%) Active: 300 Started: 300 Finished: 0
2024-06-05 19:43:00,005 INFO o.a.j.r.Summariser: summary +  11731 in 00:00:30 =  391.0/s Avg:   768 Min:   220 Max:  2097 Err:     0 (0.00%) Active: 300 Started: 300 Finished: 0
2024-06-05 19:43:00,005 INFO o.a.j.r.Summariser: summary =  13772 in 00:00:36 =  378.3/s Avg:   752 Min:    68 Max:  2097 Err:     0 (0.00%)
2024-06-05 19:43:30,006 INFO o.a.j.r.Summariser: summary +  11551 in 00:00:30 =  385.0/s Avg:   778 Min:   234 Max:  2058 Err:     0 (0.00%) Active: 300 Started: 300 Finished: 0
2024-06-05 19:43:30,006 INFO o.a.j.r.Summariser: summary =  25323 in 00:01:06 =  381.3/s Avg:   764 Min:    68 Max:  2097 Err:     0 (0.00%)
2024-06-05 19:43:35,565 INFO o.a.j.t.JMeterThread: Thread is done: Thread Group 1-5
2024-06-05 19:43:35,565 INFO o.a.j.t.JMeterThread: Thread finished: Thread Group 1-5
2024-06-05 19:43:36,500 INFO o.a.j.t.JMeterThread: Thread is done: Thread Group 1-70
2024-06-05 19:43:36,501 INFO o.a.j.t.JMeterThread: Thread finished: Thread Group 1-70
2024-06-05 19:43:37,135 INFO o.a.j.t.JMeterThread: Thread is done: Thread Group 1-8
2024-06-05 19:43:37,136 INFO o.a.j.t.JMeterThread: Thread finished: Thread Group 1-8
2024-06-05 19:43:37,216 INFO o.a.j.t.JMeterThread: Thread is done: Thread Group 1-97
2024-06-05 19:43:37,217 INFO o.a.j.t.JMeterThread: Thread finished: Thread Group 1-97
2024-06-05 19:43:37,459 INFO o.a.j.t.JMeterThread: Thread is done: Thread Group 1-88
2024-06-05 19:43:37,459 INFO o.a.j.t.JMeterThread: Thread finished: Thread Group 1-88
2024-06-05 19:43:37,500 INFO o.a.j.t.JMeterThread: Thread is done: Thread Group 1-75
2024-06-05 19:43:37,501 INFO o.a.j.t.JMeterThread: Thread finished: Thread Group 1-75
2024-06-05 19:43:37,529 INFO o.a.j.t.JMeterThread: Thread is done: Thread Group 1-78
2024-06-05 19:43:37,529 INFO o.a.j.t.JMeterThread: Thread finished: Thread Group 1-78
2024-06-05 19:43:37,562 INFO o.a.j.t.JMeterThread: Thread is done: Thread Group 1-6
2024-06-05 19:43:37,563 INFO o.a.j.t.JMeterThread: Thread finished: Thread Group 1-6
2024-06-05 19:43:37,805 INFO o.a.j.t.JMeterThread: Thread is done: Thread Group 1-44
2024-06-05 19:43:37,806 INFO o.a.j.t.JMeterThread: Thread finished: Thread Group 1-44
2024-06-05 19:43:37,990 INFO o.a.j.t.JMeterThread: Thread is done: Thread Group 1-86
2024-06-05 19:43:37,991 INFO o.a.j.t.JMeterThread: Thread finished: Thread Group 1-86
2024-06-05 19:43:38,011 INFO o.a.j.t.JMeterThread: Thread is done: Thread Group 1-229
2024-06-05 19:43:38,011 INFO o.a.j.t.JMeterThread: Thread finished: Thread Group 1-229
2024-06-05 19:43:38,232 INFO o.a.j.t.JMeterThread: Thread is done: Thread Group 1-89
2024-06-05 19:43:38,233 INFO o.a.j.t.JMeterThread: Thread finished: Thread Group 1-89
2024-06-05 19:43:38,484 INFO o.a.j.t.JMeterThread: Thread is done: Thread Group 1-154
2024-06-05 19:43:38,484 INFO o.a.j.t.JMeterThread: Thread finished: Thread Group 1-154
2024-06-05 19:43:38,553 INFO o.a.j.t.JMeterThread: Thread is done: Thread Group 1-63
2024-06-05 19:43:38,553 INFO o.a.j.t.JMeterThread: Thread finished: Thread Group 1-63
2024-06-05 19:43:38,607 INFO o.a.j.t.JMeterThread: Thread is done: Thread Group 1-142
2024-06-05 19:43:38,607 INFO o.a.j.t.JMeterThread: Thread finished: Thread Group 1-142
2024-06-05 19:43:38,659 INFO o.a.j.t.JMeterThread: Thread is done: Thread Group 1-31
2024-06-05 19:43:38,660 INFO o.a.j.t.JMeterThread: Thread finished: Thread Group 1-31
2024-06-05 19:43:38,683 INFO o.a.j.t.JMeterThread: Thread is done: Thread Group 1-74
2024-06-05 19:43:38,684 INFO o.a.j.t.JMeterThread: Thread finished: Thread Group 1-74
2024-06-05 19:43:38,724 INFO o.a.j.t.JMeterThread: Thread is done: Thread Group 1-39
2024-06-05 19:43:38,724 INFO o.a.j.t.JMeterThread: Thread finished: Thread Group 1-39
2024-06-05 19:43:38,725 INFO o.a.j.t.JMeterThread: Thread is done: Thread Group 1-46
2024-06-05 19:43:38,725 INFO o.a.j.t.JMeterThread: Thread finished: Thread Group 1-46
2024-06-05 19:43:38,762 INFO o.a.j.t.JMeterThread: Thread is done: Thread Group 1-240
2024-06-05 19:43:38,763 INFO o.a.j.t.JMeterThread: Thread finished: Thread Group 1-240
2024-06-05 19:43:38,794 INFO o.a.j.t.JMeterThread: Thread is done: Thread Group 1-43
2024-06-05 19:43:38,794 INFO o.a.j.t.JMeterThread: Thread finished: Thread Group 1-43
2024-06-05 19:43:38,819 INFO o.a.j.t.JMeterThread: Thread is done: Thread Group 1-40
2024-06-05 19:43:38,819 INFO o.a.j.t.JMeterThread: Thread finished: Thread Group 1-40
2024-06-05 19:43:38,943 INFO o.a.j.t.JMeterThread: Thread is done: Thread Group 1-84
2024-06-05 19:43:38,944 INFO o.a.j.t.JMeterThread: Thread finished: Thread Group 1-84
2024-06-05 19:43:38,946 INFO o.a.j.t.JMeterThread: Thread is done: Thread Group 1-128
2024-06-05 19:43:38,947 INFO o.a.j.t.JMeterThread: Thread finished: Thread Group 1-128
2024-06-05 19:43:38,949 INFO o.a.j.t.JMeterThread: Thread is done: Thread Group 1-7
2024-06-05 19:43:38,949 INFO o.a.j.t.JMeterThread: Thread finished: Thread Group 1-7
2024-06-05 19:43:38,950 INFO o.a.j.t.JMeterThread: Thread is done: Thread Group 1-103
2024-06-05 19:43:38,951 INFO o.a.j.t.JMeterThread: Thread finished: Thread Group 1-103
2024-06-05 19:43:38,951 INFO o.a.j.t.JMeterThread: Thread is done: Thread Group 1-25
2024-06-05 19:43:38,951 INFO o.a.j.t.JMeterThread: Thread finished: Thread Group 1-25
2024-06-05 19:43:38,956 INFO o.a.j.t.JMeterThread: Thread is done: Thread Group 1-16
2024-06-05 19:43:38,957 INFO o.a.j.t.JMeterThread: Thread finished: Thread Group 1-16
2024-06-05 19:43:39,097 INFO o.a.j.t.JMeterThread: Thread is done: Thread Group 1-24
2024-06-05 19:43:39,098 INFO o.a.j.t.JMeterThread: Thread finished: Thread Group 1-24
2024-06-05 19:43:39,111 INFO o.a.j.t.JMeterThread: Thread is done: Thread Group 1-107
2024-06-05 19:43:39,111 INFO o.a.j.t.JMeterThread: Thread finished: Thread Group 1-107
2024-06-05 19:43:39,113 INFO o.a.j.t.JMeterThread: Thread is done: Thread Group 1-162
2024-06-05 19:43:39,114 INFO o.a.j.t.JMeterThread: Thread finished: Thread Group 1-162
2024-06-05 19:43:39,117 INFO o.a.j.t.JMeterThread: Thread is done: Thread Group 1-23
2024-06-05 19:43:39,118 INFO o.a.j.t.JMeterThread: Thread finished: Thread Group 1-23
2024-06-05 19:43:39,181 INFO o.a.j.t.JMeterThread: Thread is done: Thread Group 1-30
2024-06-05 19:43:39,181 INFO o.a.j.t.JMeterThread: Thread finished: Thread Group 1-30
2024-06-05 19:43:39,264 INFO o.a.j.t.JMeterThread: Thread is done: Thread Group 1-135
2024-06-05 19:43:39,265 INFO o.a.j.t.JMeterThread: Thread finished: Thread Group 1-135
2024-06-05 19:43:39,372 INFO o.a.j.t.JMeterThread: Thread is done: Thread Group 1-22
2024-06-05 19:43:39,372 INFO o.a.j.t.JMeterThread: Thread finished: Thread Group 1-22
2024-06-05 19:43:39,413 INFO o.a.j.t.JMeterThread: Thread is done: Thread Group 1-9
2024-06-05 19:43:39,413 INFO o.a.j.t.JMeterThread: Thread finished: Thread Group 1-9
2024-06-05 19:43:39,418 INFO o.a.j.t.JMeterThread: Thread is done: Thread Group 1-54
2024-06-05 19:43:39,419 INFO o.a.j.t.JMeterThread: Thread finished: Thread Group 1-54
2024-06-05 19:43:39,431 INFO o.a.j.t.JMeterThread: Thread is done: Thread Group 1-58
2024-06-05 19:43:39,431 INFO o.a.j.t.JMeterThread: Thread finished: Thread Group 1-58
2024-06-05 19:43:39,433 INFO o.a.j.t.JMeterThread: Thread is done: Thread Group 1-117
2024-06-05 19:43:39,433 INFO o.a.j.t.JMeterThread: Thread finished: Thread Group 1-117
2024-06-05 19:43:39,490 INFO o.a.j.t.JMeterThread: Thread is done: Thread Group 1-28
2024-06-05 19:43:39,490 INFO o.a.j.t.JMeterThread: Thread finished: Thread Group 1-28
2024-06-05 19:43:39,533 INFO o.a.j.t.JMeterThread: Thread is done: Thread Group 1-38
2024-06-05 19:43:39,534 INFO o.a.j.t.JMeterThread: Thread finished: Thread Group 1-38
2024-06-05 19:43:39,556 INFO o.a.j.t.JMeterThread: Thread is done: Thread Group 1-3
2024-06-05 19:43:39,556 INFO o.a.j.t.JMeterThread: Thread finished: Thread Group 1-3
2024-06-05 19:43:39,588 INFO o.a.j.t.JMeterThread: Thread is done: Thread Group 1-61
2024-06-05 19:43:39,589 INFO o.a.j.t.JMeterThread: Thread finished: Thread Group 1-61
2024-06-05 19:43:39,701 INFO o.a.j.t.JMeterThread: Thread is done: Thread Group 1-37
2024-06-05 19:43:39,701 INFO o.a.j.t.JMeterThread: Thread finished: Thread Group 1-37
2024-06-05 19:43:39,708 INFO o.a.j.t.JMeterThread: Thread is done: Thread Group 1-81
2024-06-05 19:43:39,708 INFO o.a.j.t.JMeterThread: Thread finished: Thread Group 1-81
2024-06-05 19:43:39,751 INFO o.a.j.t.JMeterThread: Thread is done: Thread Group 1-55
2024-06-05 19:43:39,752 INFO o.a.j.t.JMeterThread: Thread finished: Thread Group 1-55
2024-06-05 19:43:39,758 INFO o.a.j.t.JMeterThread: Thread is done: Thread Group 1-150
2024-06-05 19:43:39,758 INFO o.a.j.t.JMeterThread: Thread finished: Thread Group 1-150
2024-06-05 19:43:39,765 INFO o.a.j.t.JMeterThread: Thread is done: Thread Group 1-11
2024-06-05 19:43:39,765 INFO o.a.j.t.JMeterThread: Thread finished: Thread Group 1-11
2024-06-05 19:43:39,780 INFO o.a.j.t.JMeterThread: Thread is done: Thread Group 1-131
2024-06-05 19:43:39,780 INFO o.a.j.t.JMeterThread: Thread finished: Thread Group 1-131
2024-06-05 19:43:39,783 INFO o.a.j.t.JMeterThread: Thread is done: Thread Group 1-27
2024-06-05 19:43:39,784 INFO o.a.j.t.JMeterThread: Thread finished: Thread Group 1-27
2024-06-05 19:43:39,802 INFO o.a.j.t.JMeterThread: Thread is done: Thread Group 1-196
2024-06-05 19:43:39,802 INFO o.a.j.t.JMeterThread: Thread finished: Thread Group 1-196
2024-06-05 19:43:39,816 INFO o.a.j.t.JMeterThread: Thread is done: Thread Group 1-215
2024-06-05 19:43:39,816 INFO o.a.j.t.JMeterThread: Thread is done: Thread Group 1-152
2024-06-05 19:43:39,816 INFO o.a.j.t.JMeterThread: Thread finished: Thread Group 1-215
2024-06-05 19:43:39,816 INFO o.a.j.t.JMeterThread: Thread finished: Thread Group 1-152
2024-06-05 19:43:39,827 INFO o.a.j.t.JMeterThread: Thread is done: Thread Group 1-80
2024-06-05 19:43:39,827 INFO o.a.j.t.JMeterThread: Thread finished: Thread Group 1-80
2024-06-05 19:43:39,949 INFO o.a.j.t.JMeterThread: Thread is done: Thread Group 1-20
2024-06-05 19:43:39,949 INFO o.a.j.t.JMeterThread: Thread finished: Thread Group 1-20
2024-06-05 19:43:39,951 INFO o.a.j.t.JMeterThread: Thread is done: Thread Group 1-109
2024-06-05 19:43:39,951 INFO o.a.j.t.JMeterThread: Thread finished: Thread Group 1-109
2024-06-05 19:43:40,035 INFO o.a.j.t.JMeterThread: Thread is done: Thread Group 1-99
2024-06-05 19:43:40,035 INFO o.a.j.t.JMeterThread: Thread finished: Thread Group 1-99
2024-06-05 19:43:40,084 INFO o.a.j.t.JMeterThread: Thread is done: Thread Group 1-166
2024-06-05 19:43:40,084 INFO o.a.j.t.JMeterThread: Thread finished: Thread Group 1-166
2024-06-05 19:43:40,127 INFO o.a.j.t.JMeterThread: Thread is done: Thread Group 1-53
2024-06-05 19:43:40,128 INFO o.a.j.t.JMeterThread: Thread finished: Thread Group 1-53
2024-06-05 19:43:40,138 INFO o.a.j.t.JMeterThread: Thread is done: Thread Group 1-104
2024-06-05 19:43:40,139 INFO o.a.j.t.JMeterThread: Thread finished: Thread Group 1-104
2024-06-05 19:43:40,152 INFO o.a.j.t.JMeterThread: Thread is done: Thread Group 1-36
2024-06-05 19:43:40,153 INFO o.a.j.t.JMeterThread: Thread finished: Thread Group 1-36
2024-06-05 19:43:40,189 INFO o.a.j.t.JMeterThread: Thread is done: Thread Group 1-92
2024-06-05 19:43:40,189 INFO o.a.j.t.JMeterThread: Thread finished: Thread Group 1-92
2024-06-05 19:43:40,192 INFO o.a.j.t.JMeterThread: Thread is done: Thread Group 1-171
2024-06-05 19:43:40,193 INFO o.a.j.t.JMeterThread: Thread finished: Thread Group 1-171
2024-06-05 19:43:40,200 INFO o.a.j.t.JMeterThread: Thread is done: Thread Group 1-186
2024-06-05 19:43:40,200 INFO o.a.j.t.JMeterThread: Thread finished: Thread Group 1-186
2024-06-05 19:43:40,212 INFO o.a.j.t.JMeterThread: Thread is done: Thread Group 1-125
2024-06-05 19:43:40,212 INFO o.a.j.t.JMeterThread: Thread finished: Thread Group 1-125
2024-06-05 19:43:40,235 INFO o.a.j.t.JMeterThread: Thread is done: Thread Group 1-66
2024-06-05 19:43:40,235 INFO o.a.j.t.JMeterThread: Thread finished: Thread Group 1-66
2024-06-05 19:43:40,239 INFO o.a.j.t.JMeterThread: Thread is done: Thread Group 1-41
2024-06-05 19:43:40,239 INFO o.a.j.t.JMeterThread: Thread finished: Thread Group 1-41
2024-06-05 19:43:40,252 INFO o.a.j.t.JMeterThread: Thread is done: Thread Group 1-218
2024-06-05 19:43:40,253 INFO o.a.j.t.JMeterThread: Thread finished: Thread Group 1-218
2024-06-05 19:43:40,253 INFO o.a.j.t.JMeterThread: Thread is done: Thread Group 1-42
2024-06-05 19:43:40,253 INFO o.a.j.t.JMeterThread: Thread finished: Thread Group 1-42
2024-06-05 19:43:40,260 INFO o.a.j.t.JMeterThread: Thread is done: Thread Group 1-121
2024-06-05 19:43:40,260 INFO o.a.j.t.JMeterThread: Thread finished: Thread Group 1-121
2024-06-05 19:43:40,261 INFO o.a.j.t.JMeterThread: Thread is done: Thread Group 1-85
2024-06-05 19:43:40,261 INFO o.a.j.t.JMeterThread: Thread finished: Thread Group 1-85
2024-06-05 19:43:40,285 INFO o.a.j.t.JMeterThread: Thread is done: Thread Group 1-130
2024-06-05 19:43:40,285 INFO o.a.j.t.JMeterThread: Thread finished: Thread Group 1-130
2024-06-05 19:43:40,291 INFO o.a.j.t.JMeterThread: Thread is done: Thread Group 1-72
2024-06-05 19:43:40,291 INFO o.a.j.t.JMeterThread: Thread finished: Thread Group 1-72
2024-06-05 19:43:40,298 INFO o.a.j.t.JMeterThread: Thread is done: Thread Group 1-29
2024-06-05 19:43:40,298 INFO o.a.j.t.JMeterThread: Thread finished: Thread Group 1-29
2024-06-05 19:43:40,328 INFO o.a.j.t.JMeterThread: Thread is done: Thread Group 1-95
2024-06-05 19:43:40,328 INFO o.a.j.t.JMeterThread: Thread finished: Thread Group 1-95
2024-06-05 19:43:40,328 INFO o.a.j.t.JMeterThread: Thread is done: Thread Group 1-51
2024-06-05 19:43:40,329 INFO o.a.j.t.JMeterThread: Thread finished: Thread Group 1-51
2024-06-05 19:43:40,342 INFO o.a.j.t.JMeterThread: Thread is done: Thread Group 1-35
2024-06-05 19:43:40,343 INFO o.a.j.t.JMeterThread: Thread finished: Thread Group 1-35
2024-06-05 19:43:40,351 INFO o.a.j.t.JMeterThread: Thread is done: Thread Group 1-15
2024-06-05 19:43:40,351 INFO o.a.j.t.JMeterThread: Thread finished: Thread Group 1-15
2024-06-05 19:43:40,371 INFO o.a.j.t.JMeterThread: Thread is done: Thread Group 1-62
2024-06-05 19:43:40,371 INFO o.a.j.t.JMeterThread: Thread finished: Thread Group 1-62
2024-06-05 19:43:40,381 INFO o.a.j.t.JMeterThread: Thread is done: Thread Group 1-18
2024-06-05 19:43:40,381 INFO o.a.j.t.JMeterThread: Thread finished: Thread Group 1-18
2024-06-05 19:43:40,393 INFO o.a.j.t.JMeterThread: Thread is done: Thread Group 1-52
2024-06-05 19:43:40,393 INFO o.a.j.t.JMeterThread: Thread finished: Thread Group 1-52
2024-06-05 19:43:40,398 INFO o.a.j.t.JMeterThread: Thread is done: Thread Group 1-161
2024-06-05 19:43:40,399 INFO o.a.j.t.JMeterThread: Thread finished: Thread Group 1-161
2024-06-05 19:43:40,399 INFO o.a.j.t.JMeterThread: Thread is done: Thread Group 1-115
2024-06-05 19:43:40,399 INFO o.a.j.t.JMeterThread: Thread finished: Thread Group 1-115
2024-06-05 19:43:40,431 INFO o.a.j.t.JMeterThread: Thread is done: Thread Group 1-59
2024-06-05 19:43:40,431 INFO o.a.j.t.JMeterThread: Thread is done: Thread Group 1-82
2024-06-05 19:43:40,431 INFO o.a.j.t.JMeterThread: Thread finished: Thread Group 1-59
2024-06-05 19:43:40,431 INFO o.a.j.t.JMeterThread: Thread is done: Thread Group 1-91
2024-06-05 19:43:40,431 INFO o.a.j.t.JMeterThread: Thread finished: Thread Group 1-82
2024-06-05 19:43:40,432 INFO o.a.j.t.JMeterThread: Thread finished: Thread Group 1-91
2024-06-05 19:43:40,444 INFO o.a.j.t.JMeterThread: Thread is done: Thread Group 1-163
2024-06-05 19:43:40,445 INFO o.a.j.t.JMeterThread: Thread finished: Thread Group 1-163
2024-06-05 19:43:40,507 INFO o.a.j.t.JMeterThread: Thread is done: Thread Group 1-100
2024-06-05 19:43:40,507 INFO o.a.j.t.JMeterThread: Thread finished: Thread Group 1-100
2024-06-05 19:43:40,512 INFO o.a.j.t.JMeterThread: Thread is done: Thread Group 1-237
2024-06-05 19:43:40,512 INFO o.a.j.t.JMeterThread: Thread finished: Thread Group 1-237
2024-06-05 19:43:40,517 INFO o.a.j.t.JMeterThread: Thread is done: Thread Group 1-77
2024-06-05 19:43:40,517 INFO o.a.j.t.JMeterThread: Thread finished: Thread Group 1-77
2024-06-05 19:43:40,537 INFO o.a.j.t.JMeterThread: Thread is done: Thread Group 1-203
2024-06-05 19:43:40,538 INFO o.a.j.t.JMeterThread: Thread finished: Thread Group 1-203
2024-06-05 19:43:40,640 INFO o.a.j.t.JMeterThread: Thread is done: Thread Group 1-146
2024-06-05 19:43:40,641 INFO o.a.j.t.JMeterThread: Thread finished: Thread Group 1-146
2024-06-05 19:43:40,653 INFO o.a.j.t.JMeterThread: Thread is done: Thread Group 1-60
2024-06-05 19:43:40,653 INFO o.a.j.t.JMeterThread: Thread finished: Thread Group 1-60
2024-06-05 19:43:40,684 INFO o.a.j.t.JMeterThread: Thread is done: Thread Group 1-110
2024-06-05 19:43:40,684 INFO o.a.j.t.JMeterThread: Thread finished: Thread Group 1-110
2024-06-05 19:43:40,733 INFO o.a.j.t.JMeterThread: Thread is done: Thread Group 1-76
2024-06-05 19:43:40,733 INFO o.a.j.t.JMeterThread: Thread finished: Thread Group 1-76
2024-06-05 19:43:40,812 INFO o.a.j.t.JMeterThread: Thread is done: Thread Group 1-120
2024-06-05 19:43:40,812 INFO o.a.j.t.JMeterThread: Thread finished: Thread Group 1-120
2024-06-05 19:43:40,827 INFO o.a.j.t.JMeterThread: Thread is done: Thread Group 1-255
2024-06-05 19:43:40,827 INFO o.a.j.t.JMeterThread: Thread finished: Thread Group 1-255
2024-06-05 19:43:40,857 INFO o.a.j.t.JMeterThread: Thread is done: Thread Group 1-49
2024-06-05 19:43:40,857 INFO o.a.j.t.JMeterThread: Thread finished: Thread Group 1-49
2024-06-05 19:43:40,888 INFO o.a.j.t.JMeterThread: Thread is done: Thread Group 1-144
2024-06-05 19:43:40,888 INFO o.a.j.t.JMeterThread: Thread finished: Thread Group 1-144
2024-06-05 19:43:40,891 INFO o.a.j.t.JMeterThread: Thread is done: Thread Group 1-197
2024-06-05 19:43:40,891 INFO o.a.j.t.JMeterThread: Thread finished: Thread Group 1-197
2024-06-05 19:43:40,892 INFO o.a.j.t.JMeterThread: Thread is done: Thread Group 1-293
2024-06-05 19:43:40,892 INFO o.a.j.t.JMeterThread: Thread finished: Thread Group 1-293
2024-06-05 19:43:40,894 INFO o.a.j.t.JMeterThread: Thread is done: Thread Group 1-281
2024-06-05 19:43:40,894 INFO o.a.j.t.JMeterThread: Thread finished: Thread Group 1-281
2024-06-05 19:43:40,896 INFO o.a.j.t.JMeterThread: Thread is done: Thread Group 1-182
2024-06-05 19:43:40,896 INFO o.a.j.t.JMeterThread: Thread finished: Thread Group 1-182
2024-06-05 19:43:40,898 INFO o.a.j.t.JMeterThread: Thread is done: Thread Group 1-93
2024-06-05 19:43:40,899 INFO o.a.j.t.JMeterThread: Thread finished: Thread Group 1-93
2024-06-05 19:43:40,949 INFO o.a.j.t.JMeterThread: Thread is done: Thread Group 1-139
2024-06-05 19:43:40,949 INFO o.a.j.t.JMeterThread: Thread finished: Thread Group 1-139
2024-06-05 19:43:40,954 INFO o.a.j.t.JMeterThread: Thread is done: Thread Group 1-96
2024-06-05 19:43:40,955 INFO o.a.j.t.JMeterThread: Thread finished: Thread Group 1-96
2024-06-05 19:43:40,960 INFO o.a.j.t.JMeterThread: Thread is done: Thread Group 1-221
2024-06-05 19:43:40,960 INFO o.a.j.t.JMeterThread: Thread finished: Thread Group 1-221
2024-06-05 19:43:40,962 INFO o.a.j.t.JMeterThread: Thread is done: Thread Group 1-205
2024-06-05 19:43:40,962 INFO o.a.j.t.JMeterThread: Thread finished: Thread Group 1-205
2024-06-05 19:43:40,963 INFO o.a.j.t.JMeterThread: Thread is done: Thread Group 1-235
2024-06-05 19:43:40,963 INFO o.a.j.t.JMeterThread: Thread finished: Thread Group 1-235
2024-06-05 19:43:40,983 INFO o.a.j.t.JMeterThread: Thread is done: Thread Group 1-106
2024-06-05 19:43:40,983 INFO o.a.j.t.JMeterThread: Thread finished: Thread Group 1-106
2024-06-05 19:43:40,995 INFO o.a.j.t.JMeterThread: Thread is done: Thread Group 1-4
2024-06-05 19:43:40,996 INFO o.a.j.t.JMeterThread: Thread finished: Thread Group 1-4
2024-06-05 19:43:41,040 INFO o.a.j.t.JMeterThread: Thread is done: Thread Group 1-190
2024-06-05 19:43:41,041 INFO o.a.j.t.JMeterThread: Thread finished: Thread Group 1-190
2024-06-05 19:43:41,045 INFO o.a.j.t.JMeterThread: Thread is done: Thread Group 1-179
2024-06-05 19:43:41,045 INFO o.a.j.t.JMeterThread: Thread finished: Thread Group 1-179
2024-06-05 19:43:41,046 INFO o.a.j.t.JMeterThread: Thread is done: Thread Group 1-192
2024-06-05 19:43:41,046 INFO o.a.j.t.JMeterThread: Thread finished: Thread Group 1-192
2024-06-05 19:43:41,052 INFO o.a.j.t.JMeterThread: Thread is done: Thread Group 1-1
2024-06-05 19:43:41,052 INFO o.a.j.t.JMeterThread: Thread finished: Thread Group 1-1
2024-06-05 19:43:41,076 INFO o.a.j.t.JMeterThread: Thread is done: Thread Group 1-258
2024-06-05 19:43:41,077 INFO o.a.j.t.JMeterThread: Thread finished: Thread Group 1-258
2024-06-05 19:43:41,099 INFO o.a.j.t.JMeterThread: Thread is done: Thread Group 1-48
2024-06-05 19:43:41,099 INFO o.a.j.t.JMeterThread: Thread finished: Thread Group 1-48
2024-06-05 19:43:41,114 INFO o.a.j.t.JMeterThread: Thread is done: Thread Group 1-149
2024-06-05 19:43:41,115 INFO o.a.j.t.JMeterThread: Thread finished: Thread Group 1-149
2024-06-05 19:43:41,116 INFO o.a.j.t.JMeterThread: Thread is done: Thread Group 1-79
2024-06-05 19:43:41,116 INFO o.a.j.t.JMeterThread: Thread is done: Thread Group 1-45
2024-06-05 19:43:41,116 INFO o.a.j.t.JMeterThread: Thread finished: Thread Group 1-79
2024-06-05 19:43:41,116 INFO o.a.j.t.JMeterThread: Thread finished: Thread Group 1-45
2024-06-05 19:43:41,127 INFO o.a.j.t.JMeterThread: Thread is done: Thread Group 1-71
2024-06-05 19:43:41,127 INFO o.a.j.t.JMeterThread: Thread finished: Thread Group 1-71
2024-06-05 19:43:41,162 INFO o.a.j.t.JMeterThread: Thread is done: Thread Group 1-98
2024-06-05 19:43:41,162 INFO o.a.j.t.JMeterThread: Thread finished: Thread Group 1-98
2024-06-05 19:43:41,163 INFO o.a.j.t.JMeterThread: Thread is done: Thread Group 1-108
2024-06-05 19:43:41,163 INFO o.a.j.t.JMeterThread: Thread finished: Thread Group 1-108
2024-06-05 19:43:41,170 INFO o.a.j.t.JMeterThread: Thread is done: Thread Group 1-138
2024-06-05 19:43:41,170 INFO o.a.j.t.JMeterThread: Thread is done: Thread Group 1-178
2024-06-05 19:43:41,170 INFO o.a.j.t.JMeterThread: Thread finished: Thread Group 1-178
2024-06-05 19:43:41,170 INFO o.a.j.t.JMeterThread: Thread finished: Thread Group 1-138
2024-06-05 19:43:41,172 INFO o.a.j.t.JMeterThread: Thread is done: Thread Group 1-217
2024-06-05 19:43:41,172 INFO o.a.j.t.JMeterThread: Thread finished: Thread Group 1-217
2024-06-05 19:43:41,175 INFO o.a.j.t.JMeterThread: Thread is done: Thread Group 1-195
2024-06-05 19:43:41,176 INFO o.a.j.t.JMeterThread: Thread finished: Thread Group 1-195
2024-06-05 19:43:41,208 INFO o.a.j.t.JMeterThread: Thread is done: Thread Group 1-247
2024-06-05 19:43:41,209 INFO o.a.j.t.JMeterThread: Thread finished: Thread Group 1-247
2024-06-05 19:43:41,214 INFO o.a.j.t.JMeterThread: Thread is done: Thread Group 1-10
2024-06-05 19:43:41,215 INFO o.a.j.t.JMeterThread: Thread finished: Thread Group 1-10
2024-06-05 19:43:41,236 INFO o.a.j.t.JMeterThread: Thread is done: Thread Group 1-145
2024-06-05 19:43:41,237 INFO o.a.j.t.JMeterThread: Thread finished: Thread Group 1-145
2024-06-05 19:43:41,275 INFO o.a.j.t.JMeterThread: Thread is done: Thread Group 1-160
2024-06-05 19:43:41,276 INFO o.a.j.t.JMeterThread: Thread finished: Thread Group 1-160
2024-06-05 19:43:41,277 INFO o.a.j.t.JMeterThread: Thread is done: Thread Group 1-134
2024-06-05 19:43:41,277 INFO o.a.j.t.JMeterThread: Thread finished: Thread Group 1-134
2024-06-05 19:43:41,293 INFO o.a.j.t.JMeterThread: Thread is done: Thread Group 1-113
2024-06-05 19:43:41,293 INFO o.a.j.t.JMeterThread: Thread finished: Thread Group 1-113
2024-06-05 19:43:41,301 INFO o.a.j.t.JMeterThread: Thread is done: Thread Group 1-67
2024-06-05 19:43:41,301 INFO o.a.j.t.JMeterThread: Thread finished: Thread Group 1-67
2024-06-05 19:43:41,304 INFO o.a.j.t.JMeterThread: Thread is done: Thread Group 1-214
2024-06-05 19:43:41,304 INFO o.a.j.t.JMeterThread: Thread finished: Thread Group 1-214
2024-06-05 19:43:41,315 INFO o.a.j.t.JMeterThread: Thread is done: Thread Group 1-278
2024-06-05 19:43:41,315 INFO o.a.j.t.JMeterThread: Thread finished: Thread Group 1-278
2024-06-05 19:43:41,325 INFO o.a.j.t.JMeterThread: Thread is done: Thread Group 1-212
2024-06-05 19:43:41,325 INFO o.a.j.t.JMeterThread: Thread finished: Thread Group 1-212
2024-06-05 19:43:41,334 INFO o.a.j.t.JMeterThread: Thread is done: Thread Group 1-2
2024-06-05 19:43:41,334 INFO o.a.j.t.JMeterThread: Thread finished: Thread Group 1-2
2024-06-05 19:43:41,339 INFO o.a.j.t.JMeterThread: Thread is done: Thread Group 1-173
2024-06-05 19:43:41,339 INFO o.a.j.t.JMeterThread: Thread finished: Thread Group 1-173
2024-06-05 19:43:41,340 INFO o.a.j.t.JMeterThread: Thread is done: Thread Group 1-245
2024-06-05 19:43:41,340 INFO o.a.j.t.JMeterThread: Thread finished: Thread Group 1-245
2024-06-05 19:43:41,363 INFO o.a.j.t.JMeterThread: Thread is done: Thread Group 1-147
2024-06-05 19:43:41,363 INFO o.a.j.t.JMeterThread: Thread finished: Thread Group 1-147
2024-06-05 19:43:41,395 INFO o.a.j.t.JMeterThread: Thread is done: Thread Group 1-56
2024-06-05 19:43:41,396 INFO o.a.j.t.JMeterThread: Thread finished: Thread Group 1-56
2024-06-05 19:43:41,412 INFO o.a.j.t.JMeterThread: Thread is done: Thread Group 1-101
2024-06-05 19:43:41,412 INFO o.a.j.t.JMeterThread: Thread finished: Thread Group 1-101
2024-06-05 19:43:41,438 INFO o.a.j.t.JMeterThread: Thread is done: Thread Group 1-251
2024-06-05 19:43:41,438 INFO o.a.j.t.JMeterThread: Thread finished: Thread Group 1-251
2024-06-05 19:43:41,442 INFO o.a.j.t.JMeterThread: Thread is done: Thread Group 1-114
2024-06-05 19:43:41,442 INFO o.a.j.t.JMeterThread: Thread finished: Thread Group 1-114
2024-06-05 19:43:41,442 INFO o.a.j.t.JMeterThread: Thread is done: Thread Group 1-231
2024-06-05 19:43:41,443 INFO o.a.j.t.JMeterThread: Thread finished: Thread Group 1-231
2024-06-05 19:43:41,444 INFO o.a.j.t.JMeterThread: Thread is done: Thread Group 1-181
2024-06-05 19:43:41,444 INFO o.a.j.t.JMeterThread: Thread finished: Thread Group 1-181
2024-06-05 19:43:41,444 INFO o.a.j.t.JMeterThread: Thread is done: Thread Group 1-141
2024-06-05 19:43:41,444 INFO o.a.j.t.JMeterThread: Thread finished: Thread Group 1-141
2024-06-05 19:43:41,445 INFO o.a.j.t.JMeterThread: Thread is done: Thread Group 1-153
2024-06-05 19:43:41,445 INFO o.a.j.t.JMeterThread: Thread finished: Thread Group 1-153
2024-06-05 19:43:41,465 INFO o.a.j.t.JMeterThread: Thread is done: Thread Group 1-148
2024-06-05 19:43:41,465 INFO o.a.j.t.JMeterThread: Thread finished: Thread Group 1-148
2024-06-05 19:43:41,504 INFO o.a.j.t.JMeterThread: Thread is done: Thread Group 1-267
2024-06-05 19:43:41,505 INFO o.a.j.t.JMeterThread: Thread is done: Thread Group 1-175
2024-06-05 19:43:41,505 INFO o.a.j.t.JMeterThread: Thread finished: Thread Group 1-267
2024-06-05 19:43:41,505 INFO o.a.j.t.JMeterThread: Thread finished: Thread Group 1-175
2024-06-05 19:43:41,520 INFO o.a.j.t.JMeterThread: Thread is done: Thread Group 1-137
2024-06-05 19:43:41,520 INFO o.a.j.t.JMeterThread: Thread finished: Thread Group 1-137
2024-06-05 19:43:41,523 INFO o.a.j.t.JMeterThread: Thread is done: Thread Group 1-127
2024-06-05 19:43:41,524 INFO o.a.j.t.JMeterThread: Thread finished: Thread Group 1-127
2024-06-05 19:43:41,525 INFO o.a.j.t.JMeterThread: Thread is done: Thread Group 1-33
2024-06-05 19:43:41,525 INFO o.a.j.t.JMeterThread: Thread finished: Thread Group 1-33
2024-06-05 19:43:41,527 INFO o.a.j.t.JMeterThread: Thread is done: Thread Group 1-157
2024-06-05 19:43:41,528 INFO o.a.j.t.JMeterThread: Thread finished: Thread Group 1-157
2024-06-05 19:43:41,541 INFO o.a.j.t.JMeterThread: Thread is done: Thread Group 1-249
2024-06-05 19:43:41,541 INFO o.a.j.t.JMeterThread: Thread finished: Thread Group 1-249
2024-06-05 19:43:41,569 INFO o.a.j.t.JMeterThread: Thread is done: Thread Group 1-13
2024-06-05 19:43:41,569 INFO o.a.j.t.JMeterThread: Thread finished: Thread Group 1-13
2024-06-05 19:43:41,600 INFO o.a.j.t.JMeterThread: Thread is done: Thread Group 1-118
2024-06-05 19:43:41,601 INFO o.a.j.t.JMeterThread: Thread finished: Thread Group 1-118
2024-06-05 19:43:41,605 INFO o.a.j.t.JMeterThread: Thread is done: Thread Group 1-124
2024-06-05 19:43:41,606 INFO o.a.j.t.JMeterThread: Thread finished: Thread Group 1-124
2024-06-05 19:43:41,621 INFO o.a.j.t.JMeterThread: Thread is done: Thread Group 1-140
2024-06-05 19:43:41,621 INFO o.a.j.t.JMeterThread: Thread finished: Thread Group 1-140
2024-06-05 19:43:41,627 INFO o.a.j.t.JMeterThread: Thread is done: Thread Group 1-151
2024-06-05 19:43:41,627 INFO o.a.j.t.JMeterThread: Thread finished: Thread Group 1-151
2024-06-05 19:43:41,628 INFO o.a.j.t.JMeterThread: Thread is done: Thread Group 1-208
2024-06-05 19:43:41,628 INFO o.a.j.t.JMeterThread: Thread finished: Thread Group 1-208
2024-06-05 19:43:41,633 INFO o.a.j.t.JMeterThread: Thread is done: Thread Group 1-280
2024-06-05 19:43:41,634 INFO o.a.j.t.JMeterThread: Thread finished: Thread Group 1-280
2024-06-05 19:43:41,663 INFO o.a.j.t.JMeterThread: Thread is done: Thread Group 1-210
2024-06-05 19:43:41,663 INFO o.a.j.t.JMeterThread: Thread finished: Thread Group 1-210
2024-06-05 19:43:41,664 INFO o.a.j.t.JMeterThread: Thread is done: Thread Group 1-64
2024-06-05 19:43:41,664 INFO o.a.j.t.JMeterThread: Thread finished: Thread Group 1-64
2024-06-05 19:43:41,686 INFO o.a.j.t.JMeterThread: Thread is done: Thread Group 1-94
2024-06-05 19:43:41,686 INFO o.a.j.t.JMeterThread: Thread finished: Thread Group 1-94
2024-06-05 19:43:41,706 INFO o.a.j.t.JMeterThread: Thread is done: Thread Group 1-279
2024-06-05 19:43:41,706 INFO o.a.j.t.JMeterThread: Thread finished: Thread Group 1-279
2024-06-05 19:43:41,710 INFO o.a.j.t.JMeterThread: Thread is done: Thread Group 1-32
2024-06-05 19:43:41,710 INFO o.a.j.t.JMeterThread: Thread finished: Thread Group 1-32
2024-06-05 19:43:41,711 INFO o.a.j.t.JMeterThread: Thread is done: Thread Group 1-164
2024-06-05 19:43:41,711 INFO o.a.j.t.JMeterThread: Thread finished: Thread Group 1-164
2024-06-05 19:43:41,743 INFO o.a.j.t.JMeterThread: Thread is done: Thread Group 1-248
2024-06-05 19:43:41,744 INFO o.a.j.t.JMeterThread: Thread finished: Thread Group 1-248
2024-06-05 19:43:41,748 INFO o.a.j.t.JMeterThread: Thread is done: Thread Group 1-238
2024-06-05 19:43:41,748 INFO o.a.j.t.JMeterThread: Thread finished: Thread Group 1-238
2024-06-05 19:43:41,753 INFO o.a.j.t.JMeterThread: Thread is done: Thread Group 1-244
2024-06-05 19:43:41,753 INFO o.a.j.t.JMeterThread: Thread finished: Thread Group 1-244
2024-06-05 19:43:41,755 INFO o.a.j.t.JMeterThread: Thread is done: Thread Group 1-220
2024-06-05 19:43:41,755 INFO o.a.j.t.JMeterThread: Thread finished: Thread Group 1-220
2024-06-05 19:43:41,757 INFO o.a.j.t.JMeterThread: Thread is done: Thread Group 1-226
2024-06-05 19:43:41,757 INFO o.a.j.t.JMeterThread: Thread finished: Thread Group 1-226
2024-06-05 19:43:41,759 INFO o.a.j.t.JMeterThread: Thread is done: Thread Group 1-111
2024-06-05 19:43:41,759 INFO o.a.j.t.JMeterThread: Thread finished: Thread Group 1-111
2024-06-05 19:43:41,761 INFO o.a.j.t.JMeterThread: Thread is done: Thread Group 1-57
2024-06-05 19:43:41,761 INFO o.a.j.t.JMeterThread: Thread finished: Thread Group 1-57
2024-06-05 19:43:41,774 INFO o.a.j.t.JMeterThread: Thread is done: Thread Group 1-272
2024-06-05 19:43:41,775 INFO o.a.j.t.JMeterThread: Thread finished: Thread Group 1-272
2024-06-05 19:43:41,780 INFO o.a.j.t.JMeterThread: Thread is done: Thread Group 1-169
2024-06-05 19:43:41,780 INFO o.a.j.t.JMeterThread: Thread finished: Thread Group 1-169
2024-06-05 19:43:41,793 INFO o.a.j.t.JMeterThread: Thread is done: Thread Group 1-300
2024-06-05 19:43:41,794 INFO o.a.j.t.JMeterThread: Thread finished: Thread Group 1-300
2024-06-05 19:43:41,798 INFO o.a.j.t.JMeterThread: Thread is done: Thread Group 1-174
2024-06-05 19:43:41,799 INFO o.a.j.t.JMeterThread: Thread finished: Thread Group 1-174
2024-06-05 19:43:41,801 INFO o.a.j.t.JMeterThread: Thread is done: Thread Group 1-12
2024-06-05 19:43:41,802 INFO o.a.j.t.JMeterThread: Thread finished: Thread Group 1-12
2024-06-05 19:43:41,803 INFO o.a.j.t.JMeterThread: Thread is done: Thread Group 1-199
2024-06-05 19:43:41,803 INFO o.a.j.t.JMeterThread: Thread finished: Thread Group 1-199
2024-06-05 19:43:41,807 INFO o.a.j.t.JMeterThread: Thread is done: Thread Group 1-234
2024-06-05 19:43:41,807 INFO o.a.j.t.JMeterThread: Thread finished: Thread Group 1-234
2024-06-05 19:43:41,814 INFO o.a.j.t.JMeterThread: Thread is done: Thread Group 1-284
2024-06-05 19:43:41,814 INFO o.a.j.t.JMeterThread: Thread finished: Thread Group 1-284
2024-06-05 19:43:41,824 INFO o.a.j.t.JMeterThread: Thread is done: Thread Group 1-260
2024-06-05 19:43:41,824 INFO o.a.j.t.JMeterThread: Thread is done: Thread Group 1-112
2024-06-05 19:43:41,824 INFO o.a.j.t.JMeterThread: Thread finished: Thread Group 1-260
2024-06-05 19:43:41,825 INFO o.a.j.t.JMeterThread: Thread is done: Thread Group 1-230
2024-06-05 19:43:41,825 INFO o.a.j.t.JMeterThread: Thread is done: Thread Group 1-143
2024-06-05 19:43:41,825 INFO o.a.j.t.JMeterThread: Thread finished: Thread Group 1-230
2024-06-05 19:43:41,825 INFO o.a.j.t.JMeterThread: Thread finished: Thread Group 1-112
2024-06-05 19:43:41,825 INFO o.a.j.t.JMeterThread: Thread is done: Thread Group 1-68
2024-06-05 19:43:41,825 INFO o.a.j.t.JMeterThread: Thread finished: Thread Group 1-143
2024-06-05 19:43:41,826 INFO o.a.j.t.JMeterThread: Thread finished: Thread Group 1-68
2024-06-05 19:43:41,906 INFO o.a.j.t.JMeterThread: Thread is done: Thread Group 1-26
2024-06-05 19:43:41,907 INFO o.a.j.t.JMeterThread: Thread is done: Thread Group 1-299
2024-06-05 19:43:41,907 INFO o.a.j.t.JMeterThread: Thread finished: Thread Group 1-26
2024-06-05 19:43:41,907 INFO o.a.j.t.JMeterThread: Thread finished: Thread Group 1-299
2024-06-05 19:43:41,911 INFO o.a.j.t.JMeterThread: Thread is done: Thread Group 1-252
2024-06-05 19:43:41,911 INFO o.a.j.t.JMeterThread: Thread finished: Thread Group 1-252
2024-06-05 19:43:41,915 INFO o.a.j.t.JMeterThread: Thread is done: Thread Group 1-83
2024-06-05 19:43:41,915 INFO o.a.j.t.JMeterThread: Thread finished: Thread Group 1-83
2024-06-05 19:43:41,930 INFO o.a.j.t.JMeterThread: Thread is done: Thread Group 1-47
2024-06-05 19:43:41,931 INFO o.a.j.t.JMeterThread: Thread finished: Thread Group 1-47
2024-06-05 19:43:41,936 INFO o.a.j.t.JMeterThread: Thread is done: Thread Group 1-277
2024-06-05 19:43:41,937 INFO o.a.j.t.JMeterThread: Thread finished: Thread Group 1-277
2024-06-05 19:43:41,949 INFO o.a.j.t.JMeterThread: Thread is done: Thread Group 1-262
2024-06-05 19:43:41,949 INFO o.a.j.t.JMeterThread: Thread finished: Thread Group 1-262
2024-06-05 19:43:41,950 INFO o.a.j.t.JMeterThread: Thread is done: Thread Group 1-273
2024-06-05 19:43:41,950 INFO o.a.j.t.JMeterThread: Thread finished: Thread Group 1-273
2024-06-05 19:43:41,951 INFO o.a.j.t.JMeterThread: Thread is done: Thread Group 1-132
2024-06-05 19:43:41,951 INFO o.a.j.t.JMeterThread: Thread finished: Thread Group 1-132
2024-06-05 19:43:41,987 INFO o.a.j.t.JMeterThread: Thread is done: Thread Group 1-21
2024-06-05 19:43:41,988 INFO o.a.j.t.JMeterThread: Thread finished: Thread Group 1-21
2024-06-05 19:43:42,036 INFO o.a.j.t.JMeterThread: Thread is done: Thread Group 1-198
2024-06-05 19:43:42,037 INFO o.a.j.t.JMeterThread: Thread finished: Thread Group 1-198
2024-06-05 19:43:42,043 INFO o.a.j.t.JMeterThread: Thread is done: Thread Group 1-105
2024-06-05 19:43:42,043 INFO o.a.j.t.JMeterThread: Thread finished: Thread Group 1-105
2024-06-05 19:43:42,044 INFO o.a.j.t.JMeterThread: Thread is done: Thread Group 1-189
2024-06-05 19:43:42,044 INFO o.a.j.t.JMeterThread: Thread finished: Thread Group 1-189
2024-06-05 19:43:42,045 INFO o.a.j.t.JMeterThread: Thread is done: Thread Group 1-261
2024-06-05 19:43:42,046 INFO o.a.j.t.JMeterThread: Thread finished: Thread Group 1-261
2024-06-05 19:43:42,047 INFO o.a.j.t.JMeterThread: Thread is done: Thread Group 1-271
2024-06-05 19:43:42,047 INFO o.a.j.t.JMeterThread: Thread finished: Thread Group 1-271
2024-06-05 19:43:42,060 INFO o.a.j.t.JMeterThread: Thread is done: Thread Group 1-69
2024-06-05 19:43:42,060 INFO o.a.j.t.JMeterThread: Thread finished: Thread Group 1-69
2024-06-05 19:43:42,061 INFO o.a.j.t.JMeterThread: Thread is done: Thread Group 1-257
2024-06-05 19:43:42,061 INFO o.a.j.t.JMeterThread: Thread finished: Thread Group 1-257
2024-06-05 19:43:42,086 INFO o.a.j.t.JMeterThread: Thread is done: Thread Group 1-200
2024-06-05 19:43:42,087 INFO o.a.j.t.JMeterThread: Thread finished: Thread Group 1-200
2024-06-05 19:43:42,091 INFO o.a.j.t.JMeterThread: Thread is done: Thread Group 1-246
2024-06-05 19:43:42,091 INFO o.a.j.t.JMeterThread: Thread finished: Thread Group 1-246
2024-06-05 19:43:42,104 INFO o.a.j.t.JMeterThread: Thread is done: Thread Group 1-213
2024-06-05 19:43:42,104 INFO o.a.j.t.JMeterThread: Thread finished: Thread Group 1-213
2024-06-05 19:43:42,109 INFO o.a.j.t.JMeterThread: Thread is done: Thread Group 1-256
2024-06-05 19:43:42,109 INFO o.a.j.t.JMeterThread: Thread finished: Thread Group 1-256
2024-06-05 19:43:42,110 INFO o.a.j.t.JMeterThread: Thread is done: Thread Group 1-159
2024-06-05 19:43:42,110 INFO o.a.j.t.JMeterThread: Thread finished: Thread Group 1-159
2024-06-05 19:43:42,110 INFO o.a.j.t.JMeterThread: Thread is done: Thread Group 1-288
2024-06-05 19:43:42,110 INFO o.a.j.t.JMeterThread: Thread finished: Thread Group 1-288
2024-06-05 19:43:42,112 INFO o.a.j.t.JMeterThread: Thread is done: Thread Group 1-296
2024-06-05 19:43:42,112 INFO o.a.j.t.JMeterThread: Thread finished: Thread Group 1-296
2024-06-05 19:43:42,114 INFO o.a.j.t.JMeterThread: Thread is done: Thread Group 1-228
2024-06-05 19:43:42,114 INFO o.a.j.t.JMeterThread: Thread finished: Thread Group 1-228
2024-06-05 19:43:42,118 INFO o.a.j.t.JMeterThread: Thread is done: Thread Group 1-155
2024-06-05 19:43:42,118 INFO o.a.j.t.JMeterThread: Thread finished: Thread Group 1-155
2024-06-05 19:43:42,120 INFO o.a.j.t.JMeterThread: Thread is done: Thread Group 1-167
2024-06-05 19:43:42,120 INFO o.a.j.t.JMeterThread: Thread finished: Thread Group 1-167
2024-06-05 19:43:42,124 INFO o.a.j.t.JMeterThread: Thread is done: Thread Group 1-292
2024-06-05 19:43:42,124 INFO o.a.j.t.JMeterThread: Thread finished: Thread Group 1-292
2024-06-05 19:43:42,126 INFO o.a.j.t.JMeterThread: Thread is done: Thread Group 1-194
2024-06-05 19:43:42,126 INFO o.a.j.t.JMeterThread: Thread finished: Thread Group 1-194
2024-06-05 19:43:42,127 INFO o.a.j.t.JMeterThread: Thread is done: Thread Group 1-172
2024-06-05 19:43:42,128 INFO o.a.j.t.JMeterThread: Thread finished: Thread Group 1-172
2024-06-05 19:43:42,130 INFO o.a.j.t.JMeterThread: Thread is done: Thread Group 1-14
2024-06-05 19:43:42,131 INFO o.a.j.t.JMeterThread: Thread finished: Thread Group 1-14
2024-06-05 19:43:42,145 INFO o.a.j.t.JMeterThread: Thread is done: Thread Group 1-232
2024-06-05 19:43:42,146 INFO o.a.j.t.JMeterThread: Thread finished: Thread Group 1-232
2024-06-05 19:43:42,147 INFO o.a.j.t.JMeterThread: Thread is done: Thread Group 1-265
2024-06-05 19:43:42,147 INFO o.a.j.t.JMeterThread: Thread finished: Thread Group 1-265
2024-06-05 19:43:42,149 INFO o.a.j.t.JMeterThread: Thread is done: Thread Group 1-225
2024-06-05 19:43:42,149 INFO o.a.j.t.JMeterThread: Thread finished: Thread Group 1-225
2024-06-05 19:43:42,163 INFO o.a.j.t.JMeterThread: Thread is done: Thread Group 1-290
2024-06-05 19:43:42,164 INFO o.a.j.t.JMeterThread: Thread is done: Thread Group 1-287
2024-06-05 19:43:42,164 INFO o.a.j.t.JMeterThread: Thread finished: Thread Group 1-290
2024-06-05 19:43:42,164 INFO o.a.j.t.JMeterThread: Thread finished: Thread Group 1-287
2024-06-05 19:43:42,168 INFO o.a.j.t.JMeterThread: Thread is done: Thread Group 1-264
2024-06-05 19:43:42,168 INFO o.a.j.t.JMeterThread: Thread finished: Thread Group 1-264
2024-06-05 19:43:42,169 INFO o.a.j.t.JMeterThread: Thread is done: Thread Group 1-236
2024-06-05 19:43:42,169 INFO o.a.j.t.JMeterThread: Thread finished: Thread Group 1-236
2024-06-05 19:43:42,171 INFO o.a.j.t.JMeterThread: Thread is done: Thread Group 1-73
2024-06-05 19:43:42,171 INFO o.a.j.t.JMeterThread: Thread finished: Thread Group 1-73
2024-06-05 19:43:42,177 INFO o.a.j.t.JMeterThread: Thread is done: Thread Group 1-102
2024-06-05 19:43:42,177 INFO o.a.j.t.JMeterThread: Thread finished: Thread Group 1-102
2024-06-05 19:43:42,192 INFO o.a.j.t.JMeterThread: Thread is done: Thread Group 1-90
2024-06-05 19:43:42,192 INFO o.a.j.t.JMeterThread: Thread finished: Thread Group 1-90
2024-06-05 19:43:42,205 INFO o.a.j.t.JMeterThread: Thread is done: Thread Group 1-211
2024-06-05 19:43:42,206 INFO o.a.j.t.JMeterThread: Thread finished: Thread Group 1-211
2024-06-05 19:43:42,209 INFO o.a.j.t.JMeterThread: Thread is done: Thread Group 1-268
2024-06-05 19:43:42,209 INFO o.a.j.t.JMeterThread: Thread is done: Thread Group 1-183
2024-06-05 19:43:42,209 INFO o.a.j.t.JMeterThread: Thread finished: Thread Group 1-268
2024-06-05 19:43:42,209 INFO o.a.j.t.JMeterThread: Thread is done: Thread Group 1-204
2024-06-05 19:43:42,210 INFO o.a.j.t.JMeterThread: Thread finished: Thread Group 1-204
2024-06-05 19:43:42,210 INFO o.a.j.t.JMeterThread: Thread finished: Thread Group 1-183
2024-06-05 19:43:42,211 INFO o.a.j.t.JMeterThread: Thread is done: Thread Group 1-168
2024-06-05 19:43:42,211 INFO o.a.j.t.JMeterThread: Thread finished: Thread Group 1-168
2024-06-05 19:43:42,211 INFO o.a.j.t.JMeterThread: Thread is done: Thread Group 1-129
2024-06-05 19:43:42,212 INFO o.a.j.t.JMeterThread: Thread finished: Thread Group 1-129
2024-06-05 19:43:42,250 INFO o.a.j.t.JMeterThread: Thread is done: Thread Group 1-250
2024-06-05 19:43:42,250 INFO o.a.j.t.JMeterThread: Thread finished: Thread Group 1-250
2024-06-05 19:43:42,251 INFO o.a.j.t.JMeterThread: Thread is done: Thread Group 1-206
2024-06-05 19:43:42,251 INFO o.a.j.t.JMeterThread: Thread finished: Thread Group 1-206
2024-06-05 19:43:42,252 INFO o.a.j.t.JMeterThread: Thread is done: Thread Group 1-65
2024-06-05 19:43:42,252 INFO o.a.j.t.JMeterThread: Thread finished: Thread Group 1-65
2024-06-05 19:43:42,263 INFO o.a.j.t.JMeterThread: Thread is done: Thread Group 1-254
2024-06-05 19:43:42,263 INFO o.a.j.t.JMeterThread: Thread finished: Thread Group 1-254
2024-06-05 19:43:42,264 INFO o.a.j.t.JMeterThread: Thread is done: Thread Group 1-263
2024-06-05 19:43:42,265 INFO o.a.j.t.JMeterThread: Thread finished: Thread Group 1-263
2024-06-05 19:43:42,270 INFO o.a.j.t.JMeterThread: Thread is done: Thread Group 1-241
2024-06-05 19:43:42,270 INFO o.a.j.t.JMeterThread: Thread finished: Thread Group 1-241
2024-06-05 19:43:42,274 INFO o.a.j.t.JMeterThread: Thread is done: Thread Group 1-219
2024-06-05 19:43:42,274 INFO o.a.j.t.JMeterThread: Thread finished: Thread Group 1-219
2024-06-05 19:43:42,276 INFO o.a.j.t.JMeterThread: Thread is done: Thread Group 1-19
2024-06-05 19:43:42,276 INFO o.a.j.t.JMeterThread: Thread finished: Thread Group 1-19
2024-06-05 19:43:42,277 INFO o.a.j.t.JMeterThread: Thread is done: Thread Group 1-156
2024-06-05 19:43:42,277 INFO o.a.j.t.JMeterThread: Thread finished: Thread Group 1-156
2024-06-05 19:43:42,283 INFO o.a.j.t.JMeterThread: Thread is done: Thread Group 1-270
2024-06-05 19:43:42,284 INFO o.a.j.t.JMeterThread: Thread finished: Thread Group 1-270
2024-06-05 19:43:42,283 INFO o.a.j.t.JMeterThread: Thread is done: Thread Group 1-216
2024-06-05 19:43:42,284 INFO o.a.j.t.JMeterThread: Thread finished: Thread Group 1-216
2024-06-05 19:43:42,285 INFO o.a.j.t.JMeterThread: Thread is done: Thread Group 1-133
2024-06-05 19:43:42,285 INFO o.a.j.t.JMeterThread: Thread finished: Thread Group 1-133
2024-06-05 19:43:42,289 INFO o.a.j.t.JMeterThread: Thread is done: Thread Group 1-158
2024-06-05 19:43:42,289 INFO o.a.j.t.JMeterThread: Thread finished: Thread Group 1-158
2024-06-05 19:43:42,299 INFO o.a.j.t.JMeterThread: Thread is done: Thread Group 1-136
2024-06-05 19:43:42,300 INFO o.a.j.t.JMeterThread: Thread finished: Thread Group 1-136
2024-06-05 19:43:42,300 INFO o.a.j.t.JMeterThread: Thread is done: Thread Group 1-87
2024-06-05 19:43:42,300 INFO o.a.j.t.JMeterThread: Thread finished: Thread Group 1-87
2024-06-05 19:43:42,300 INFO o.a.j.t.JMeterThread: Thread is done: Thread Group 1-227
2024-06-05 19:43:42,300 INFO o.a.j.t.JMeterThread: Thread finished: Thread Group 1-227
2024-06-05 19:43:42,308 INFO o.a.j.t.JMeterThread: Thread is done: Thread Group 1-122
2024-06-05 19:43:42,308 INFO o.a.j.t.JMeterThread: Thread finished: Thread Group 1-122
2024-06-05 19:43:42,350 INFO o.a.j.t.JMeterThread: Thread is done: Thread Group 1-222
2024-06-05 19:43:42,351 INFO o.a.j.t.JMeterThread: Thread finished: Thread Group 1-222
2024-06-05 19:43:42,356 INFO o.a.j.t.JMeterThread: Thread is done: Thread Group 1-184
2024-06-05 19:43:42,356 INFO o.a.j.t.JMeterThread: Thread is done: Thread Group 1-276
2024-06-05 19:43:42,356 INFO o.a.j.t.JMeterThread: Thread finished: Thread Group 1-184
2024-06-05 19:43:42,356 INFO o.a.j.t.JMeterThread: Thread finished: Thread Group 1-276
2024-06-05 19:43:42,361 INFO o.a.j.t.JMeterThread: Thread is done: Thread Group 1-298
2024-06-05 19:43:42,362 INFO o.a.j.t.JMeterThread: Thread finished: Thread Group 1-298
2024-06-05 19:43:42,369 INFO o.a.j.t.JMeterThread: Thread is done: Thread Group 1-239
2024-06-05 19:43:42,370 INFO o.a.j.t.JMeterThread: Thread finished: Thread Group 1-239
2024-06-05 19:43:42,370 INFO o.a.j.t.JMeterThread: Thread is done: Thread Group 1-123
2024-06-05 19:43:42,370 INFO o.a.j.t.JMeterThread: Thread finished: Thread Group 1-123
2024-06-05 19:43:42,377 INFO o.a.j.t.JMeterThread: Thread is done: Thread Group 1-282
2024-06-05 19:43:42,377 INFO o.a.j.t.JMeterThread: Thread finished: Thread Group 1-282
2024-06-05 19:43:42,392 INFO o.a.j.t.JMeterThread: Thread is done: Thread Group 1-223
2024-06-05 19:43:42,392 INFO o.a.j.t.JMeterThread: Thread finished: Thread Group 1-223
2024-06-05 19:43:42,393 INFO o.a.j.t.JMeterThread: Thread is done: Thread Group 1-191
2024-06-05 19:43:42,393 INFO o.a.j.t.JMeterThread: Thread finished: Thread Group 1-191
2024-06-05 19:43:42,407 INFO o.a.j.t.JMeterThread: Thread is done: Thread Group 1-202
2024-06-05 19:43:42,407 INFO o.a.j.t.JMeterThread: Thread finished: Thread Group 1-202
2024-06-05 19:43:42,409 INFO o.a.j.t.JMeterThread: Thread is done: Thread Group 1-201
2024-06-05 19:43:42,409 INFO o.a.j.t.JMeterThread: Thread finished: Thread Group 1-201
2024-06-05 19:43:42,418 INFO o.a.j.t.JMeterThread: Thread is done: Thread Group 1-17
2024-06-05 19:43:42,418 INFO o.a.j.t.JMeterThread: Thread finished: Thread Group 1-17
2024-06-05 19:43:42,420 INFO o.a.j.t.JMeterThread: Thread is done: Thread Group 1-289
2024-06-05 19:43:42,420 INFO o.a.j.t.JMeterThread: Thread finished: Thread Group 1-289
2024-06-05 19:43:42,421 INFO o.a.j.t.JMeterThread: Thread is done: Thread Group 1-243
2024-06-05 19:43:42,421 INFO o.a.j.t.JMeterThread: Thread finished: Thread Group 1-243
2024-06-05 19:43:42,433 INFO o.a.j.t.JMeterThread: Thread is done: Thread Group 1-180
2024-06-05 19:43:42,433 INFO o.a.j.t.JMeterThread: Thread finished: Thread Group 1-180
2024-06-05 19:43:42,435 INFO o.a.j.t.JMeterThread: Thread is done: Thread Group 1-242
2024-06-05 19:43:42,436 INFO o.a.j.t.JMeterThread: Thread finished: Thread Group 1-242
2024-06-05 19:43:42,437 INFO o.a.j.t.JMeterThread: Thread is done: Thread Group 1-119
2024-06-05 19:43:42,437 INFO o.a.j.t.JMeterThread: Thread finished: Thread Group 1-119
2024-06-05 19:43:42,442 INFO o.a.j.t.JMeterThread: Thread is done: Thread Group 1-253
2024-06-05 19:43:42,442 INFO o.a.j.t.JMeterThread: Thread finished: Thread Group 1-253
2024-06-05 19:43:42,444 INFO o.a.j.t.JMeterThread: Thread is done: Thread Group 1-209
2024-06-05 19:43:42,444 INFO o.a.j.t.JMeterThread: Thread finished: Thread Group 1-209
2024-06-05 19:43:42,446 INFO o.a.j.t.JMeterThread: Thread is done: Thread Group 1-177
2024-06-05 19:43:42,446 INFO o.a.j.t.JMeterThread: Thread finished: Thread Group 1-177
2024-06-05 19:43:42,448 INFO o.a.j.t.JMeterThread: Thread is done: Thread Group 1-259
2024-06-05 19:43:42,448 INFO o.a.j.t.JMeterThread: Thread finished: Thread Group 1-259
2024-06-05 19:43:42,450 INFO o.a.j.t.JMeterThread: Thread is done: Thread Group 1-34
2024-06-05 19:43:42,451 INFO o.a.j.t.JMeterThread: Thread finished: Thread Group 1-34
2024-06-05 19:43:42,452 INFO o.a.j.t.JMeterThread: Thread is done: Thread Group 1-193
2024-06-05 19:43:42,452 INFO o.a.j.t.JMeterThread: Thread finished: Thread Group 1-193
2024-06-05 19:43:42,463 INFO o.a.j.t.JMeterThread: Thread is done: Thread Group 1-170
2024-06-05 19:43:42,464 INFO o.a.j.t.JMeterThread: Thread finished: Thread Group 1-170
2024-06-05 19:43:42,468 INFO o.a.j.t.JMeterThread: Thread is done: Thread Group 1-165
2024-06-05 19:43:42,469 INFO o.a.j.t.JMeterThread: Thread finished: Thread Group 1-165
2024-06-05 19:43:42,469 INFO o.a.j.t.JMeterThread: Thread is done: Thread Group 1-50
2024-06-05 19:43:42,469 INFO o.a.j.t.JMeterThread: Thread finished: Thread Group 1-50
2024-06-05 19:43:42,471 INFO o.a.j.t.JMeterThread: Thread is done: Thread Group 1-207
2024-06-05 19:43:42,472 INFO o.a.j.t.JMeterThread: Thread finished: Thread Group 1-207
2024-06-05 19:43:42,473 INFO o.a.j.t.JMeterThread: Thread is done: Thread Group 1-126
2024-06-05 19:43:42,473 INFO o.a.j.t.JMeterThread: Thread finished: Thread Group 1-126
2024-06-05 19:43:42,473 INFO o.a.j.t.JMeterThread: Thread is done: Thread Group 1-187
2024-06-05 19:43:42,474 INFO o.a.j.t.JMeterThread: Thread finished: Thread Group 1-187
2024-06-05 19:43:42,487 INFO o.a.j.t.JMeterThread: Thread is done: Thread Group 1-188
2024-06-05 19:43:42,488 INFO o.a.j.t.JMeterThread: Thread finished: Thread Group 1-188
2024-06-05 19:43:42,494 INFO o.a.j.t.JMeterThread: Thread is done: Thread Group 1-176
2024-06-05 19:43:42,494 INFO o.a.j.t.JMeterThread: Thread finished: Thread Group 1-176
2024-06-05 19:43:42,497 INFO o.a.j.t.JMeterThread: Thread is done: Thread Group 1-286
2024-06-05 19:43:42,497 INFO o.a.j.t.JMeterThread: Thread finished: Thread Group 1-286
2024-06-05 19:43:42,505 INFO o.a.j.t.JMeterThread: Thread is done: Thread Group 1-266
2024-06-05 19:43:42,505 INFO o.a.j.t.JMeterThread: Thread finished: Thread Group 1-266
2024-06-05 19:43:42,510 INFO o.a.j.t.JMeterThread: Thread is done: Thread Group 1-224
2024-06-05 19:43:42,510 INFO o.a.j.t.JMeterThread: Thread finished: Thread Group 1-224
2024-06-05 19:43:42,510 INFO o.a.j.t.JMeterThread: Thread is done: Thread Group 1-295
2024-06-05 19:43:42,510 INFO o.a.j.t.JMeterThread: Thread finished: Thread Group 1-295
2024-06-05 19:43:42,518 INFO o.a.j.t.JMeterThread: Thread is done: Thread Group 1-116
2024-06-05 19:43:42,518 INFO o.a.j.t.JMeterThread: Thread finished: Thread Group 1-116
2024-06-05 19:43:42,526 INFO o.a.j.t.JMeterThread: Thread is done: Thread Group 1-283
2024-06-05 19:43:42,526 INFO o.a.j.t.JMeterThread: Thread finished: Thread Group 1-283
2024-06-05 19:43:42,534 INFO o.a.j.t.JMeterThread: Thread is done: Thread Group 1-294
2024-06-05 19:43:42,535 INFO o.a.j.t.JMeterThread: Thread finished: Thread Group 1-294
2024-06-05 19:43:42,535 INFO o.a.j.t.JMeterThread: Thread is done: Thread Group 1-233
2024-06-05 19:43:42,535 INFO o.a.j.t.JMeterThread: Thread finished: Thread Group 1-233
2024-06-05 19:43:42,535 INFO o.a.j.t.JMeterThread: Thread is done: Thread Group 1-269
2024-06-05 19:43:42,535 INFO o.a.j.t.JMeterThread: Thread is done: Thread Group 1-275
2024-06-05 19:43:42,535 INFO o.a.j.t.JMeterThread: Thread finished: Thread Group 1-269
2024-06-05 19:43:42,536 INFO o.a.j.t.JMeterThread: Thread finished: Thread Group 1-275
2024-06-05 19:43:42,550 INFO o.a.j.t.JMeterThread: Thread is done: Thread Group 1-297
2024-06-05 19:43:42,551 INFO o.a.j.t.JMeterThread: Thread finished: Thread Group 1-297
2024-06-05 19:43:42,567 INFO o.a.j.t.JMeterThread: Thread is done: Thread Group 1-291
2024-06-05 19:43:42,567 INFO o.a.j.t.JMeterThread: Thread finished: Thread Group 1-291
2024-06-05 19:43:42,569 INFO o.a.j.t.JMeterThread: Thread is done: Thread Group 1-285
2024-06-05 19:43:42,569 INFO o.a.j.t.JMeterThread: Thread finished: Thread Group 1-285
2024-06-05 19:43:42,593 INFO o.a.j.t.JMeterThread: Thread is done: Thread Group 1-274
2024-06-05 19:43:42,593 INFO o.a.j.t.JMeterThread: Thread finished: Thread Group 1-274
2024-06-05 19:43:42,612 INFO o.a.j.t.JMeterThread: Thread is done: Thread Group 1-185
2024-06-05 19:43:42,612 INFO o.a.j.t.JMeterThread: Thread finished: Thread Group 1-185
2024-06-05 19:43:42,612 INFO o.a.j.e.StandardJMeterEngine: Notifying test listeners of end of test
2024-06-05 19:43:42,614 INFO o.a.j.r.Summariser: summary +   4677 in 00:00:13 =  371.0/s Avg:   735 Min:    19 Max:  1729 Err:     0 (0.00%) Active: 0 Started: 300 Finished: 300
2024-06-05 19:43:42,614 INFO o.a.j.r.Summariser: summary =  30000 in 00:01:19 =  379.7/s Avg:   759 Min:    19 Max:  2097 Err:     0 (0.00%)
2024-06-05 19:43:42,615 INFO o.a.j.JMeter: Generating Dashboard
2024-06-05 19:43:42,615 INFO o.a.j.r.d.ReportGenerator: Flushing result collector before report Generation
2024-06-05 19:43:42,672 INFO o.a.j.r.p.NormalizerSampleConsumer: Using format, 'ms', to parse timeStamp field
2024-06-05 19:43:43,644 INFO o.a.j.r.p.AbstractSampleConsumer: class org.apache.jmeter.report.processor.AggregateConsumer#stopProducing(): beginDate produced 0 samples
2024-06-05 19:43:43,645 INFO o.a.j.r.p.AbstractSampleConsumer: class org.apache.jmeter.report.processor.AggregateConsumer#stopProducing(): endDate produced 0 samples
2024-06-05 19:43:43,648 INFO o.a.j.r.p.AbstractSampleConsumer: class org.apache.jmeter.report.processor.ApdexSummaryConsumer#stopProducing(): apdexSummary produced 0 samples
2024-06-05 19:43:43,648 INFO o.a.j.r.p.AbstractSampleConsumer: class org.apache.jmeter.report.processor.RequestsSummaryConsumer#stopProducing(): requestsSummary produced 0 samples
2024-06-05 19:43:43,664 INFO o.a.j.r.p.AbstractSampleConsumer: class org.apache.jmeter.report.processor.StatisticsSummaryConsumer#stopProducing(): statisticsSummary produced 0 samples
2024-06-05 19:43:43,666 INFO o.a.j.r.p.AbstractSampleConsumer: class org.apache.jmeter.report.processor.Top5ErrorsBySamplerConsumer#stopProducing(): top5ErrorsBySampler produced 0 samples
2024-06-05 19:43:43,666 INFO o.a.j.r.p.AbstractSampleConsumer: class org.apache.jmeter.report.processor.ErrorsSummaryConsumer#stopProducing(): errorsSummary produced 0 samples
2024-06-05 19:43:43,667 INFO o.a.j.r.p.AbstractSampleConsumer: class org.apache.jmeter.report.processor.graph.impl.HitsPerSecondGraphConsumer#stopProducing(): hitsPerSecond produced 0 samples
2024-06-05 19:43:44,047 INFO o.a.j.r.p.AbstractSampleConsumer: class org.apache.jmeter.report.processor.graph.impl.LatencyVSRequestGraphConsumer#stopProducing(): latencyVsRequest produced 0 samples
2024-06-05 19:43:44,049 INFO o.a.j.r.p.AbstractSampleConsumer: class org.apache.jmeter.report.processor.graph.impl.SyntheticResponseTimeDistributionGraphConsumer#stopProducing(): syntheticResponseTimeDistribution produced 0 samples
2024-06-05 19:43:44,050 INFO o.a.j.r.p.AbstractSampleConsumer: class org.apache.jmeter.report.processor.graph.impl.BytesThroughputGraphConsumer#stopProducing(): bytesThroughputOverTime produced 0 samples
2024-06-05 19:43:44,050 INFO o.a.j.r.p.AbstractSampleConsumer: class org.apache.jmeter.report.processor.graph.impl.CodesPerSecondGraphConsumer#stopProducing(): codesPerSecond produced 0 samples
2024-06-05 19:43:44,415 INFO o.a.j.r.p.AbstractSampleConsumer: class org.apache.jmeter.report.processor.graph.impl.ResponseTimeVSRequestGraphConsumer#stopProducing(): responseTimeVsRequest produced 0 samples
2024-06-05 19:43:44,416 INFO o.a.j.r.p.AbstractSampleConsumer: class org.apache.jmeter.report.processor.FilterConsumer#stopProducing(): startIntervalControlerFilter produced 210000 samples
2024-06-05 19:43:44,417 INFO o.a.j.r.p.AbstractSampleConsumer: class org.apache.jmeter.report.processor.graph.impl.TotalTPSGraphConsumer#stopProducing(): totalTPS produced 0 samples
2024-06-05 19:43:44,417 INFO o.a.j.r.p.AbstractSampleConsumer: class org.apache.jmeter.report.processor.graph.impl.ActiveThreadsGraphConsumer#stopProducing(): activeThreadsOverTime produced 0 samples
2024-06-05 19:43:44,417 INFO o.a.j.r.p.AbstractSampleConsumer: class org.apache.jmeter.report.processor.graph.impl.TimeVSThreadGraphConsumer#stopProducing(): timeVsThreads produced 0 samples
2024-06-05 19:43:44,418 INFO o.a.j.r.p.AbstractSampleConsumer: class org.apache.jmeter.report.processor.graph.impl.ResponseTimeDistributionGraphConsumer#stopProducing(): responseTimeDistribution produced 0 samples
2024-06-05 19:43:44,418 INFO o.a.j.r.p.AbstractSampleConsumer: class org.apache.jmeter.report.processor.graph.impl.TransactionsPerSecondGraphConsumer#stopProducing(): transactionsPerSecond produced 0 samples
2024-06-05 19:43:44,418 INFO o.a.j.r.p.AbstractSampleConsumer: class org.apache.jmeter.report.processor.graph.impl.ResponseTimePercentilesGraphConsumer#stopProducing(): responseTimePercentiles produced 0 samples
2024-06-05 19:43:44,421 INFO o.a.j.r.p.AbstractSampleConsumer: class org.apache.jmeter.report.processor.graph.impl.ResponseTimePercentilesOverTimeGraphConsumer#stopProducing(): responseTimePercentilesOverTime produced 0 samples
2024-06-05 19:43:44,423 INFO o.a.j.r.p.AbstractSampleConsumer: class org.apache.jmeter.report.processor.graph.impl.ResponseTimeOverTimeGraphConsumer#stopProducing(): responseTimesOverTime produced 0 samples
2024-06-05 19:43:44,424 INFO o.a.j.r.p.AbstractSampleConsumer: class org.apache.jmeter.report.processor.graph.impl.ConnectTimeOverTimeGraphConsumer#stopProducing(): connectTimeOverTime produced 0 samples
2024-06-05 19:43:44,424 INFO o.a.j.r.p.AbstractSampleConsumer: class org.apache.jmeter.report.processor.graph.impl.LatencyOverTimeGraphConsumer#stopProducing(): latenciesOverTime produced 0 samples
2024-06-05 19:43:44,424 INFO o.a.j.r.p.AbstractSampleConsumer: class org.apache.jmeter.report.processor.FilterConsumer#stopProducing(): nameFilter produced 450000 samples
2024-06-05 19:43:44,424 INFO o.a.j.r.p.AbstractSampleConsumer: class org.apache.jmeter.report.processor.FilterConsumer#stopProducing(): dateRangeFilter produced 90000 samples
2024-06-05 19:43:44,425 INFO o.a.j.r.p.AbstractSampleConsumer: class org.apache.jmeter.report.processor.NormalizerSampleConsumer#stopProducing(): normalizer produced 30000 samples
2024-06-05 19:43:44,426 INFO o.a.j.r.p.CsvFileSampleSource: produce(): 30000 samples produced in 1s 719 ms on channel 0
2024-06-05 19:43:44,426 INFO o.a.j.r.d.ReportGenerator: Exporting data using exporter:'json' of className:'org.apache.jmeter.report.dashboard.JsonExporter'
2024-06-05 19:43:44,573 INFO o.a.j.r.d.JsonExporter: Found data for consumer statisticsSummaryin context
2024-06-05 19:43:44,574 INFO o.a.j.r.d.JsonExporter: Creating statistics for overall
2024-06-05 19:43:44,574 INFO o.a.j.r.d.JsonExporter: Creating statistics for other transactions
2024-06-05 19:43:44,575 INFO o.a.j.r.d.JsonExporter: Checking output folder
2024-06-05 19:43:44,578 INFO o.a.j.r.d.JsonExporter: Writing statistics JSON to /mnt/c/Users/Ivan/IdeaProjects/MigApp/jmeter/./res/1500-3-20/statistics.json
2024-06-05 19:43:44,648 INFO o.a.j.r.d.ReportGenerator: Exporting data using exporter:'html' of className:'org.apache.jmeter.report.dashboard.HtmlTemplateExporter'
2024-06-05 19:43:44,660 INFO o.a.j.r.d.HtmlTemplateExporter: Will generate dashboard in folder: /mnt/c/Users/Ivan/IdeaProjects/MigApp/jmeter/./res/1500-3-20
2024-06-05 19:43:44,819 INFO o.a.j.r.d.HtmlTemplateExporter: Report will be generated in: /mnt/c/Users/Ivan/IdeaProjects/MigApp/jmeter/./res/1500-3-20, creating folder structure
2024-06-05 19:43:44,829 INFO o.a.j.r.d.TemplateVisitor: Copying folder from '/mnt/c/Users/Ivan/Desktop/JMeter/apache-jmeter-5.6.3/apache-jmeter-5.6.3/bin/report-template' to '/mnt/c/Users/Ivan/IdeaProjects/MigApp/jmeter/./res/1500-3-20', got message: /mnt/c/Users/Ivan/IdeaProjects/MigApp/jmeter/./res/1500-3-20, found non empty folder with following content [/mnt/c/Users/Ivan/IdeaProjects/MigApp/jmeter/./res/1500-3-20/statistics.json], will be ignored
2024-06-05 19:43:46,303 INFO o.a.j.JMeter: Dashboard generated
